<?xml version="1.0" encoding="UTF-8"?><testrun name="TestSpezielleForm1ParameterizedChrome" project="de.selenium.projekt1" tests="8" started="8" failures="5" errors="0" ignored="0">
  <testsuite name="de.selenium.pages.tests.TestSpezielleForm1ParameterizedChrome" time="629.598" displayname="TestSpezielleForm1ParameterizedChrome" uniqueid="[engine:junit-vintage]/[runner:de.selenium.pages.tests.TestSpezielleForm1ParameterizedChrome]">
    <testsuite name="[Test Form 1 Test 1 Chrome]" time="5.618" uniqueid="[engine:junit-vintage]/[runner:de.selenium.pages.tests.TestSpezielleForm1ParameterizedChrome]/[test:%5BTest Form 1 Test 1 Chrome%5D%5B0%5D]">
      <testcase name="testForm1" classname="de.selenium.pages.tests.TestSpezielleForm1ParameterizedChrome" time="5.618" displayname="testForm1[Test Form 1 Test 1 Chrome]" uniqueid="[engine:junit-vintage]/[runner:de.selenium.pages.tests.TestSpezielleForm1ParameterizedChrome]/[test:%5BTest Form 1 Test 1 Chrome%5D%5B0%5D]/[test:testForm1%5BTest Form 1 Test 1 Chrome%5D(de.selenium.pages.tests.TestSpezielleForm1ParameterizedChrome)]"/>
    </testsuite>
    <testsuite name="[Test Form 1 Test 1 Chrome]" time="7.015" uniqueid="[engine:junit-vintage]/[runner:de.selenium.pages.tests.TestSpezielleForm1ParameterizedChrome]/[test:%5BTest Form 1 Test 1 Chrome%5D%5B1%5D]">
      <testcase name="testForm1" classname="de.selenium.pages.tests.TestSpezielleForm1ParameterizedChrome" time="7.015" displayname="testForm1[Test Form 1 Test 1 Chrome]" uniqueid="[engine:junit-vintage]/[runner:de.selenium.pages.tests.TestSpezielleForm1ParameterizedChrome]/[test:%5BTest Form 1 Test 1 Chrome%5D%5B1%5D]/[test:testForm1%5BTest Form 1 Test 1 Chrome%5D(de.selenium.pages.tests.TestSpezielleForm1ParameterizedChrome)]">
        <failure>org.opentest4j.MultipleFailuresError: Multiple Failures (2 failures)&#13;
	org.openqa.selenium.NoSuchSessionException: invalid session id: session deleted as the browser has closed the connection
from disconnected: unable to send message to renderer
  (Session info: chrome=133.0.6943.127)
Build info: version: '4.28.1', revision: '73f5ad48a2'
System info: os.name: 'Windows 11', os.arch: 'amd64', os.version: '10.0', java.version: '20.0.1'
Driver info: org.openqa.selenium.chrome.ChromeDriver
Command: [5117251c8a5410b3cfdb61cab77d88dc, findElement {using=link text, value=Selenium Testapplikationen}]
Capabilities {acceptInsecureCerts: false, browserName: chrome, browserVersion: 133.0.6943.127, chrome: {chromedriverVersion: 133.0.6943.53 (9a80935019b0..., userDataDir: C:\Users\engoulou\AppData\L...}, fedcm:accounts: true, goog:chromeOptions: {debuggerAddress: localhost:54354}, networkConnectionEnabled: false, pageLoadStrategy: normal, platformName: windows, proxy: Proxy(), se:cdp: ws://localhost:54354/devtoo..., se:cdpVersion: 133.0.6943.127, setWindowRect: true, strictFileInteractability: false, timeouts: {implicit: 0, pageLoad: 300000, script: 30000}, unhandledPromptBehavior: dismiss and notify, webauthn:extension:credBlob: true, webauthn:extension:largeBlob: true, webauthn:extension:minPinLength: true, webauthn:extension:prf: true, webauthn:virtualAuthenticators: true}
Session ID: 5117251c8a5410b3cfdb61cab77d88dc&#13;
	org.openqa.selenium.NoSuchSessionException: invalid session id
Build info: version: '4.28.1', revision: '73f5ad48a2'
System info: os.name: 'Windows 11', os.arch: 'amd64', os.version: '10.0', java.version: '20.0.1'
Driver info: org.openqa.selenium.chrome.ChromeDriver
Command: [5117251c8a5410b3cfdb61cab77d88dc, close {}]
Capabilities {acceptInsecureCerts: false, browserName: chrome, browserVersion: 133.0.6943.127, chrome: {chromedriverVersion: 133.0.6943.53 (9a80935019b0..., userDataDir: C:\Users\engoulou\AppData\L...}, fedcm:accounts: true, goog:chromeOptions: {debuggerAddress: localhost:54354}, networkConnectionEnabled: false, pageLoadStrategy: normal, platformName: windows, proxy: Proxy(), se:cdp: ws://localhost:54354/devtoo..., se:cdpVersion: 133.0.6943.127, setWindowRect: true, strictFileInteractability: false, timeouts: {implicit: 0, pageLoad: 300000, script: 30000}, unhandledPromptBehavior: dismiss and notify, webauthn:extension:credBlob: true, webauthn:extension:largeBlob: true, webauthn:extension:minPinLength: true, webauthn:extension:prf: true, webauthn:virtualAuthenticators: true}
Session ID: 5117251c8a5410b3cfdb61cab77d88dc&#13;
	at org.junit.vintage.engine.execution.TestRun.getStoredResultOrSuccessful(TestRun.java:200)&#13;
	at org.junit.vintage.engine.execution.RunListenerAdapter.fireExecutionFinished(RunListenerAdapter.java:248)&#13;
	at org.junit.vintage.engine.execution.RunListenerAdapter.testFinished(RunListenerAdapter.java:214)&#13;
	at org.junit.vintage.engine.execution.RunListenerAdapter.testFinished(RunListenerAdapter.java:88)&#13;
	at org.junit.runner.notification.SynchronizedRunListener.testFinished(SynchronizedRunListener.java:87)&#13;
	at org.junit.runner.notification.RunNotifier$9.notifyListener(RunNotifier.java:225)&#13;
	at org.junit.runner.notification.RunNotifier$SafeNotifier.run(RunNotifier.java:72)&#13;
	at org.junit.runner.notification.RunNotifier.fireTestFinished(RunNotifier.java:222)&#13;
	at org.junit.internal.runners.model.EachTestNotifier.fireTestFinished(EachTestNotifier.java:38)&#13;
	at org.junit.runners.ParentRunner.runLeaf(ParentRunner.java:372)&#13;
	at org.junit.runners.BlockJUnit4ClassRunner.runChild(BlockJUnit4ClassRunner.java:103)&#13;
	at org.junit.runners.BlockJUnit4ClassRunner.runChild(BlockJUnit4ClassRunner.java:63)&#13;
	at org.junit.runners.ParentRunner$4.run(ParentRunner.java:331)&#13;
	at org.junit.runners.ParentRunner$1.schedule(ParentRunner.java:79)&#13;
	at org.junit.runners.ParentRunner.runChildren(ParentRunner.java:329)&#13;
	at org.junit.runners.ParentRunner.access$100(ParentRunner.java:66)&#13;
	at org.junit.runners.ParentRunner$2.evaluate(ParentRunner.java:293)&#13;
	at org.junit.runners.ParentRunner.run(ParentRunner.java:413)&#13;
	at org.junit.runners.Suite.runChild(Suite.java:128)&#13;
	at org.junit.runners.Suite.runChild(Suite.java:27)&#13;
	at org.junit.runners.ParentRunner$4.run(ParentRunner.java:331)&#13;
	at org.junit.runners.ParentRunner$1.schedule(ParentRunner.java:79)&#13;
	at org.junit.runners.ParentRunner.runChildren(ParentRunner.java:329)&#13;
	at org.junit.runners.ParentRunner.access$100(ParentRunner.java:66)&#13;
	at org.junit.runners.ParentRunner$2.evaluate(ParentRunner.java:293)&#13;
	at org.junit.runners.ParentRunner$3.evaluate(ParentRunner.java:306)&#13;
	at org.junit.runners.ParentRunner.run(ParentRunner.java:413)&#13;
	at org.junit.runner.JUnitCore.run(JUnitCore.java:137)&#13;
	at org.junit.runner.JUnitCore.run(JUnitCore.java:115)&#13;
	at org.junit.vintage.engine.execution.RunnerExecutor.execute(RunnerExecutor.java:42)&#13;
	at org.junit.vintage.engine.VintageTestEngine.executeAllChildren(VintageTestEngine.java:80)&#13;
	at org.junit.vintage.engine.VintageTestEngine.execute(VintageTestEngine.java:72)&#13;
	at org.junit.platform.launcher.core.EngineExecutionOrchestrator.execute(EngineExecutionOrchestrator.java:147)&#13;
	at org.junit.platform.launcher.core.EngineExecutionOrchestrator.execute(EngineExecutionOrchestrator.java:127)&#13;
	at org.junit.platform.launcher.core.EngineExecutionOrchestrator.execute(EngineExecutionOrchestrator.java:90)&#13;
	at org.junit.platform.launcher.core.EngineExecutionOrchestrator.lambda$execute$0(EngineExecutionOrchestrator.java:55)&#13;
	at org.junit.platform.launcher.core.EngineExecutionOrchestrator.withInterceptedStreams(EngineExecutionOrchestrator.java:102)&#13;
	at org.junit.platform.launcher.core.EngineExecutionOrchestrator.execute(EngineExecutionOrchestrator.java:54)&#13;
	at org.junit.platform.launcher.core.DefaultLauncher.execute(DefaultLauncher.java:114)&#13;
	at org.junit.platform.launcher.core.DefaultLauncher.execute(DefaultLauncher.java:95)&#13;
	at org.junit.platform.launcher.core.DefaultLauncherSession$DelegatingLauncher.execute(DefaultLauncherSession.java:91)&#13;
	at org.junit.platform.launcher.core.SessionPerRequestLauncher.execute(SessionPerRequestLauncher.java:60)&#13;
	at org.eclipse.jdt.internal.junit5.runner.JUnit5TestReference.run(JUnit5TestReference.java:98)&#13;
	at org.eclipse.jdt.internal.junit.runner.TestExecution.run(TestExecution.java:40)&#13;
	at org.eclipse.jdt.internal.junit.runner.RemoteTestRunner.runTests(RemoteTestRunner.java:529)&#13;
	at org.eclipse.jdt.internal.junit.runner.RemoteTestRunner.runTests(RemoteTestRunner.java:756)&#13;
	at org.eclipse.jdt.internal.junit.runner.RemoteTestRunner.run(RemoteTestRunner.java:452)&#13;
	at org.eclipse.jdt.internal.junit.runner.RemoteTestRunner.main(RemoteTestRunner.java:210)&#13;
	Suppressed: org.openqa.selenium.NoSuchSessionException: invalid session id: session deleted as the browser has closed the connection
from disconnected: unable to send message to renderer
  (Session info: chrome=133.0.6943.127)
Build info: version: '4.28.1', revision: '73f5ad48a2'
System info: os.name: 'Windows 11', os.arch: 'amd64', os.version: '10.0', java.version: '20.0.1'
Driver info: org.openqa.selenium.chrome.ChromeDriver
Command: [5117251c8a5410b3cfdb61cab77d88dc, findElement {using=link text, value=Selenium Testapplikationen}]
Capabilities {acceptInsecureCerts: false, browserName: chrome, browserVersion: 133.0.6943.127, chrome: {chromedriverVersion: 133.0.6943.53 (9a80935019b0..., userDataDir: C:\Users\engoulou\AppData\L...}, fedcm:accounts: true, goog:chromeOptions: {debuggerAddress: localhost:54354}, networkConnectionEnabled: false, pageLoadStrategy: normal, platformName: windows, proxy: Proxy(), se:cdp: ws://localhost:54354/devtoo..., se:cdpVersion: 133.0.6943.127, setWindowRect: true, strictFileInteractability: false, timeouts: {implicit: 0, pageLoad: 300000, script: 30000}, unhandledPromptBehavior: dismiss and notify, webauthn:extension:credBlob: true, webauthn:extension:largeBlob: true, webauthn:extension:minPinLength: true, webauthn:extension:prf: true, webauthn:virtualAuthenticators: true}
Session ID: 5117251c8a5410b3cfdb61cab77d88dc&#13;
		at java.base/jdk.internal.reflect.DirectConstructorHandleAccessor.newInstance(DirectConstructorHandleAccessor.java:67)&#13;
		at java.base/java.lang.reflect.Constructor.newInstanceWithCaller(Constructor.java:500)&#13;
		at java.base/java.lang.reflect.Constructor.newInstance(Constructor.java:484)&#13;
		at org.openqa.selenium.remote.ErrorCodec.decode(ErrorCodec.java:167)&#13;
		at org.openqa.selenium.remote.codec.w3c.W3CHttpResponseCodec.decode(W3CHttpResponseCodec.java:138)&#13;
		at org.openqa.selenium.remote.codec.w3c.W3CHttpResponseCodec.decode(W3CHttpResponseCodec.java:50)&#13;
		at org.openqa.selenium.remote.HttpCommandExecutor.execute(HttpCommandExecutor.java:215)&#13;
		at org.openqa.selenium.remote.service.DriverCommandExecutor.invokeExecute(DriverCommandExecutor.java:216)&#13;
		at org.openqa.selenium.remote.service.DriverCommandExecutor.execute(DriverCommandExecutor.java:174)&#13;
		at org.openqa.selenium.remote.RemoteWebDriver.execute(RemoteWebDriver.java:545)&#13;
		at org.openqa.selenium.remote.ElementLocation$ElementFinder$2.findElement(ElementLocation.java:165)&#13;
		at org.openqa.selenium.remote.ElementLocation.findElement(ElementLocation.java:59)&#13;
		at org.openqa.selenium.remote.RemoteWebDriver.findElement(RemoteWebDriver.java:368)&#13;
		at org.openqa.selenium.remote.RemoteWebDriver.findElement(RemoteWebDriver.java:362)&#13;
		at org.openqa.selenium.support.pagefactory.DefaultElementLocator.findElement(DefaultElementLocator.java:68)&#13;
		at org.openqa.selenium.support.pagefactory.internal.LocatingElementHandler.invoke(LocatingElementHandler.java:38)&#13;
		at jdk.proxy2/jdk.proxy2.$Proxy17.isDisplayed(Unknown Source)&#13;
		at org.openqa.selenium.support.ui.ExpectedConditions.elementIfVisible(ExpectedConditions.java:304)&#13;
		at org.openqa.selenium.support.ui.ExpectedConditions$10.apply(ExpectedConditions.java:290)&#13;
		at org.openqa.selenium.support.ui.ExpectedConditions$10.apply(ExpectedConditions.java:287)&#13;
		at org.openqa.selenium.support.ui.ExpectedConditions$23.apply(ExpectedConditions.java:656)&#13;
		at org.openqa.selenium.support.ui.ExpectedConditions$23.apply(ExpectedConditions.java:652)&#13;
		at org.openqa.selenium.support.ui.FluentWait.until(FluentWait.java:203)&#13;
		at de.selenium.pages.SeleniumHomePage.seleniumTestAppLinkAnklicken(SeleniumHomePage.java:47)&#13;
		at de.selenium.pages.tests.TestSpezielleForm1ParameterizedChrome.testForm1(TestSpezielleForm1ParameterizedChrome.java:98)&#13;
		at java.base/jdk.internal.reflect.DirectMethodHandleAccessor.invoke(DirectMethodHandleAccessor.java:104)&#13;
		at java.base/java.lang.reflect.Method.invoke(Method.java:578)&#13;
		at org.junit.runners.model.FrameworkMethod$1.runReflectiveCall(FrameworkMethod.java:59)&#13;
		at org.junit.internal.runners.model.ReflectiveCallable.run(ReflectiveCallable.java:12)&#13;
		at org.junit.runners.model.FrameworkMethod.invokeExplosively(FrameworkMethod.java:56)&#13;
		at org.junit.internal.runners.statements.InvokeMethod.evaluate(InvokeMethod.java:17)&#13;
		at org.junit.internal.runners.statements.RunBefores.evaluate(RunBefores.java:26)&#13;
		at org.junit.internal.runners.statements.RunAfters.evaluate(RunAfters.java:27)&#13;
		at org.junit.runners.ParentRunner$3.evaluate(ParentRunner.java:306)&#13;
		at org.junit.runners.BlockJUnit4ClassRunner$1.evaluate(BlockJUnit4ClassRunner.java:100)&#13;
		at org.junit.runners.ParentRunner.runLeaf(ParentRunner.java:366)&#13;
		... 38 more&#13;
	Suppressed: org.openqa.selenium.NoSuchSessionException: invalid session id
Build info: version: '4.28.1', revision: '73f5ad48a2'
System info: os.name: 'Windows 11', os.arch: 'amd64', os.version: '10.0', java.version: '20.0.1'
Driver info: org.openqa.selenium.chrome.ChromeDriver
Command: [5117251c8a5410b3cfdb61cab77d88dc, close {}]
Capabilities {acceptInsecureCerts: false, browserName: chrome, browserVersion: 133.0.6943.127, chrome: {chromedriverVersion: 133.0.6943.53 (9a80935019b0..., userDataDir: C:\Users\engoulou\AppData\L...}, fedcm:accounts: true, goog:chromeOptions: {debuggerAddress: localhost:54354}, networkConnectionEnabled: false, pageLoadStrategy: normal, platformName: windows, proxy: Proxy(), se:cdp: ws://localhost:54354/devtoo..., se:cdpVersion: 133.0.6943.127, setWindowRect: true, strictFileInteractability: false, timeouts: {implicit: 0, pageLoad: 300000, script: 30000}, unhandledPromptBehavior: dismiss and notify, webauthn:extension:credBlob: true, webauthn:extension:largeBlob: true, webauthn:extension:minPinLength: true, webauthn:extension:prf: true, webauthn:virtualAuthenticators: true}
Session ID: 5117251c8a5410b3cfdb61cab77d88dc&#13;
		at java.base/jdk.internal.reflect.DirectConstructorHandleAccessor.newInstance(DirectConstructorHandleAccessor.java:67)&#13;
		at java.base/java.lang.reflect.Constructor.newInstanceWithCaller(Constructor.java:500)&#13;
		at java.base/java.lang.reflect.Constructor.newInstance(Constructor.java:484)&#13;
		at org.openqa.selenium.remote.ErrorCodec.decode(ErrorCodec.java:167)&#13;
		at org.openqa.selenium.remote.codec.w3c.W3CHttpResponseCodec.decode(W3CHttpResponseCodec.java:138)&#13;
		at org.openqa.selenium.remote.codec.w3c.W3CHttpResponseCodec.decode(W3CHttpResponseCodec.java:50)&#13;
		at org.openqa.selenium.remote.HttpCommandExecutor.execute(HttpCommandExecutor.java:215)&#13;
		at org.openqa.selenium.remote.service.DriverCommandExecutor.invokeExecute(DriverCommandExecutor.java:216)&#13;
		at org.openqa.selenium.remote.service.DriverCommandExecutor.execute(DriverCommandExecutor.java:174)&#13;
		at org.openqa.selenium.remote.RemoteWebDriver.execute(RemoteWebDriver.java:545)&#13;
		at org.openqa.selenium.remote.RemoteWebDriver.execute(RemoteWebDriver.java:618)&#13;
		at org.openqa.selenium.remote.RemoteWebDriver.execute(RemoteWebDriver.java:622)&#13;
		at org.openqa.selenium.remote.RemoteWebDriver.close(RemoteWebDriver.java:418)&#13;
		at de.selenium.pages.tests.TestSpezielleForm1ParameterizedChrome.tearDown(TestSpezielleForm1ParameterizedChrome.java:83)&#13;
		at java.base/jdk.internal.reflect.DirectMethodHandleAccessor.invoke(DirectMethodHandleAccessor.java:104)&#13;
		at java.base/java.lang.reflect.Method.invoke(Method.java:578)&#13;
		at org.junit.runners.model.FrameworkMethod$1.runReflectiveCall(FrameworkMethod.java:59)&#13;
		at org.junit.internal.runners.model.ReflectiveCallable.run(ReflectiveCallable.java:12)&#13;
		at org.junit.runners.model.FrameworkMethod.invokeExplosively(FrameworkMethod.java:56)&#13;
		at org.junit.internal.runners.statements.RunAfters.invokeMethod(RunAfters.java:46)&#13;
		at org.junit.internal.runners.statements.RunAfters.evaluate(RunAfters.java:33)&#13;
		at org.junit.runners.ParentRunner$3.evaluate(ParentRunner.java:306)&#13;
		at org.junit.runners.BlockJUnit4ClassRunner$1.evaluate(BlockJUnit4ClassRunner.java:100)&#13;
		at org.junit.runners.ParentRunner.runLeaf(ParentRunner.java:366)&#13;
		... 38 more&#13;
&#13;
</failure>
      </testcase>
    </testsuite>
    <testsuite name="[Test Form 1 Test 2 Chrome]" time="4.689" uniqueid="[engine:junit-vintage]/[runner:de.selenium.pages.tests.TestSpezielleForm1ParameterizedChrome]/[test:%5BTest Form 1 Test 2 Chrome%5D%5B0%5D]">
      <testcase name="testForm1" classname="de.selenium.pages.tests.TestSpezielleForm1ParameterizedChrome" time="4.689" displayname="testForm1[Test Form 1 Test 2 Chrome]" uniqueid="[engine:junit-vintage]/[runner:de.selenium.pages.tests.TestSpezielleForm1ParameterizedChrome]/[test:%5BTest Form 1 Test 2 Chrome%5D%5B0%5D]/[test:testForm1%5BTest Form 1 Test 2 Chrome%5D(de.selenium.pages.tests.TestSpezielleForm1ParameterizedChrome)]"/>
    </testsuite>
    <testsuite name="[Test Form 1 Test 2 Chrome]" time="4.477" uniqueid="[engine:junit-vintage]/[runner:de.selenium.pages.tests.TestSpezielleForm1ParameterizedChrome]/[test:%5BTest Form 1 Test 2 Chrome%5D%5B1%5D]">
      <testcase name="testForm1" classname="de.selenium.pages.tests.TestSpezielleForm1ParameterizedChrome" time="4.477" displayname="testForm1[Test Form 1 Test 2 Chrome]" uniqueid="[engine:junit-vintage]/[runner:de.selenium.pages.tests.TestSpezielleForm1ParameterizedChrome]/[test:%5BTest Form 1 Test 2 Chrome%5D%5B1%5D]/[test:testForm1%5BTest Form 1 Test 2 Chrome%5D(de.selenium.pages.tests.TestSpezielleForm1ParameterizedChrome)]"/>
    </testsuite>
    <testsuite name="[Test Form 1 Test 2 FireFox]" time="0.024" uniqueid="[engine:junit-vintage]/[runner:de.selenium.pages.tests.TestSpezielleForm1ParameterizedChrome]/[test:%5BTest Form 1 Test 2 FireFox%5D%5B0%5D]">
      <testcase name="testForm1" classname="de.selenium.pages.tests.TestSpezielleForm1ParameterizedChrome" time="0.024" displayname="testForm1[Test Form 1 Test 2 FireFox]" uniqueid="[engine:junit-vintage]/[runner:de.selenium.pages.tests.TestSpezielleForm1ParameterizedChrome]/[test:%5BTest Form 1 Test 2 FireFox%5D%5B0%5D]/[test:testForm1%5BTest Form 1 Test 2 FireFox%5D(de.selenium.pages.tests.TestSpezielleForm1ParameterizedChrome)]">
        <failure>org.opentest4j.MultipleFailuresError: Multiple Failures (2 failures)&#13;
	org.openqa.selenium.SessionNotCreatedException: Could not start a new session. Possible causes are invalid address of the remote server or browser start-up failure. 
Host info: host: 'DE-ADN-H10DHW3', ip: '192.168.2.198'
Build info: version: '4.28.1', revision: '73f5ad48a2'
System info: os.name: 'Windows 11', os.arch: 'amd64', os.version: '10.0', java.version: '20.0.1'
Driver info: org.openqa.selenium.firefox.FirefoxDriver
Command: [null, newSession {capabilities=[Capabilities {acceptInsecureCerts: true, browserName: firefox, moz:debuggerAddress: true, moz:firefoxOptions: {prefs: {remote.active-protocols: 3}}}]}]&#13;
	java.lang.NullPointerException: Cannot invoke "org.openqa.selenium.WebDriver.close()" because "this.driver" is null&#13;
	at org.junit.vintage.engine.execution.TestRun.getStoredResultOrSuccessful(TestRun.java:200)&#13;
	at org.junit.vintage.engine.execution.RunListenerAdapter.fireExecutionFinished(RunListenerAdapter.java:248)&#13;
	at org.junit.vintage.engine.execution.RunListenerAdapter.testFinished(RunListenerAdapter.java:214)&#13;
	at org.junit.vintage.engine.execution.RunListenerAdapter.testFinished(RunListenerAdapter.java:88)&#13;
	at org.junit.runner.notification.SynchronizedRunListener.testFinished(SynchronizedRunListener.java:87)&#13;
	at org.junit.runner.notification.RunNotifier$9.notifyListener(RunNotifier.java:225)&#13;
	at org.junit.runner.notification.RunNotifier$SafeNotifier.run(RunNotifier.java:72)&#13;
	at org.junit.runner.notification.RunNotifier.fireTestFinished(RunNotifier.java:222)&#13;
	at org.junit.internal.runners.model.EachTestNotifier.fireTestFinished(EachTestNotifier.java:38)&#13;
	at org.junit.runners.ParentRunner.runLeaf(ParentRunner.java:372)&#13;
	at org.junit.runners.BlockJUnit4ClassRunner.runChild(BlockJUnit4ClassRunner.java:103)&#13;
	at org.junit.runners.BlockJUnit4ClassRunner.runChild(BlockJUnit4ClassRunner.java:63)&#13;
	at org.junit.runners.ParentRunner$4.run(ParentRunner.java:331)&#13;
	at org.junit.runners.ParentRunner$1.schedule(ParentRunner.java:79)&#13;
	at org.junit.runners.ParentRunner.runChildren(ParentRunner.java:329)&#13;
	at org.junit.runners.ParentRunner.access$100(ParentRunner.java:66)&#13;
	at org.junit.runners.ParentRunner$2.evaluate(ParentRunner.java:293)&#13;
	at org.junit.runners.ParentRunner.run(ParentRunner.java:413)&#13;
	at org.junit.runners.Suite.runChild(Suite.java:128)&#13;
	at org.junit.runners.Suite.runChild(Suite.java:27)&#13;
	at org.junit.runners.ParentRunner$4.run(ParentRunner.java:331)&#13;
	at org.junit.runners.ParentRunner$1.schedule(ParentRunner.java:79)&#13;
	at org.junit.runners.ParentRunner.runChildren(ParentRunner.java:329)&#13;
	at org.junit.runners.ParentRunner.access$100(ParentRunner.java:66)&#13;
	at org.junit.runners.ParentRunner$2.evaluate(ParentRunner.java:293)&#13;
	at org.junit.runners.ParentRunner$3.evaluate(ParentRunner.java:306)&#13;
	at org.junit.runners.ParentRunner.run(ParentRunner.java:413)&#13;
	at org.junit.runner.JUnitCore.run(JUnitCore.java:137)&#13;
	at org.junit.runner.JUnitCore.run(JUnitCore.java:115)&#13;
	at org.junit.vintage.engine.execution.RunnerExecutor.execute(RunnerExecutor.java:42)&#13;
	at org.junit.vintage.engine.VintageTestEngine.executeAllChildren(VintageTestEngine.java:80)&#13;
	at org.junit.vintage.engine.VintageTestEngine.execute(VintageTestEngine.java:72)&#13;
	at org.junit.platform.launcher.core.EngineExecutionOrchestrator.execute(EngineExecutionOrchestrator.java:147)&#13;
	at org.junit.platform.launcher.core.EngineExecutionOrchestrator.execute(EngineExecutionOrchestrator.java:127)&#13;
	at org.junit.platform.launcher.core.EngineExecutionOrchestrator.execute(EngineExecutionOrchestrator.java:90)&#13;
	at org.junit.platform.launcher.core.EngineExecutionOrchestrator.lambda$execute$0(EngineExecutionOrchestrator.java:55)&#13;
	at org.junit.platform.launcher.core.EngineExecutionOrchestrator.withInterceptedStreams(EngineExecutionOrchestrator.java:102)&#13;
	at org.junit.platform.launcher.core.EngineExecutionOrchestrator.execute(EngineExecutionOrchestrator.java:54)&#13;
	at org.junit.platform.launcher.core.DefaultLauncher.execute(DefaultLauncher.java:114)&#13;
	at org.junit.platform.launcher.core.DefaultLauncher.execute(DefaultLauncher.java:95)&#13;
	at org.junit.platform.launcher.core.DefaultLauncherSession$DelegatingLauncher.execute(DefaultLauncherSession.java:91)&#13;
	at org.junit.platform.launcher.core.SessionPerRequestLauncher.execute(SessionPerRequestLauncher.java:60)&#13;
	at org.eclipse.jdt.internal.junit5.runner.JUnit5TestReference.run(JUnit5TestReference.java:98)&#13;
	at org.eclipse.jdt.internal.junit.runner.TestExecution.run(TestExecution.java:40)&#13;
	at org.eclipse.jdt.internal.junit.runner.RemoteTestRunner.runTests(RemoteTestRunner.java:529)&#13;
	at org.eclipse.jdt.internal.junit.runner.RemoteTestRunner.runTests(RemoteTestRunner.java:756)&#13;
	at org.eclipse.jdt.internal.junit.runner.RemoteTestRunner.run(RemoteTestRunner.java:452)&#13;
	at org.eclipse.jdt.internal.junit.runner.RemoteTestRunner.main(RemoteTestRunner.java:210)&#13;
	Suppressed: org.openqa.selenium.SessionNotCreatedException: Could not start a new session. Possible causes are invalid address of the remote server or browser start-up failure. 
Host info: host: 'DE-ADN-H10DHW3', ip: '192.168.2.198'
Build info: version: '4.28.1', revision: '73f5ad48a2'
System info: os.name: 'Windows 11', os.arch: 'amd64', os.version: '10.0', java.version: '20.0.1'
Driver info: org.openqa.selenium.firefox.FirefoxDriver
Command: [null, newSession {capabilities=[Capabilities {acceptInsecureCerts: true, browserName: firefox, moz:debuggerAddress: true, moz:firefoxOptions: {prefs: {remote.active-protocols: 3}}}]}]&#13;
		at org.openqa.selenium.remote.RemoteWebDriver.execute(RemoteWebDriver.java:563)&#13;
		at org.openqa.selenium.remote.RemoteWebDriver.startSession(RemoteWebDriver.java:245)&#13;
		at org.openqa.selenium.remote.RemoteWebDriver.&lt;init&gt;(RemoteWebDriver.java:174)&#13;
		at org.openqa.selenium.firefox.FirefoxDriver.&lt;init&gt;(FirefoxDriver.java:155)&#13;
		at org.openqa.selenium.firefox.FirefoxDriver.&lt;init&gt;(FirefoxDriver.java:150)&#13;
		at org.openqa.selenium.firefox.FirefoxDriver.&lt;init&gt;(FirefoxDriver.java:132)&#13;
		at org.openqa.selenium.firefox.FirefoxDriver.&lt;init&gt;(FirefoxDriver.java:127)&#13;
		at org.openqa.selenium.firefox.FirefoxDriver.&lt;init&gt;(FirefoxDriver.java:112)&#13;
		at org.openqa.selenium.firefox.FirefoxDriver.&lt;init&gt;(FirefoxDriver.java:102)&#13;
		at de.selenium.konfiguration.AvailableBrowser$1.createDriver(AvailableBrowser.java:15)&#13;
		at de.selenium.konfiguration.DriverHelper.getDriver(DriverHelper.java:17)&#13;
		at de.selenium.pages.tests.TestSpezielleForm1ParameterizedChrome.setUp(TestSpezielleForm1ParameterizedChrome.java:74)&#13;
		at java.base/jdk.internal.reflect.DirectMethodHandleAccessor.invoke(DirectMethodHandleAccessor.java:104)&#13;
		at java.base/java.lang.reflect.Method.invoke(Method.java:578)&#13;
		at org.junit.runners.model.FrameworkMethod$1.runReflectiveCall(FrameworkMethod.java:59)&#13;
		at org.junit.internal.runners.model.ReflectiveCallable.run(ReflectiveCallable.java:12)&#13;
		at org.junit.runners.model.FrameworkMethod.invokeExplosively(FrameworkMethod.java:56)&#13;
		at org.junit.internal.runners.statements.RunBefores.invokeMethod(RunBefores.java:33)&#13;
		at org.junit.internal.runners.statements.RunBefores.evaluate(RunBefores.java:24)&#13;
		at org.junit.internal.runners.statements.RunAfters.evaluate(RunAfters.java:27)&#13;
		at org.junit.runners.ParentRunner$3.evaluate(ParentRunner.java:306)&#13;
		at org.junit.runners.BlockJUnit4ClassRunner$1.evaluate(BlockJUnit4ClassRunner.java:100)&#13;
		at org.junit.runners.ParentRunner.runLeaf(ParentRunner.java:366)&#13;
		... 38 more&#13;
	Caused by: java.io.UncheckedIOException: java.io.IOException: Cannot run program "./drivers/geckodriver.exe": CreateProcess error=216, Die Version von %1 ist mit der ausgeführten Windows-Version nicht kompatibel. Überprüfen Sie die Systeminformationen des Computers, und wenden Sie sich anschließend an den Herausgeber der Software&#13;
		at org.openqa.selenium.os.ExternalProcess$Builder.start(ExternalProcess.java:195)&#13;
		at org.openqa.selenium.remote.service.DriverService.start(DriverService.java:208)&#13;
		at org.openqa.selenium.remote.service.DriverCommandExecutor.execute(DriverCommandExecutor.java:117)&#13;
		at org.openqa.selenium.remote.RemoteWebDriver.execute(RemoteWebDriver.java:545)&#13;
		... 60 more&#13;
	Caused by: java.io.IOException: Cannot run program "./drivers/geckodriver.exe": CreateProcess error=216, Die Version von %1 ist mit der ausgeführten Windows-Version nicht kompatibel. Überprüfen Sie die Systeminformationen des Computers, und wenden Sie sich anschließend an den Herausgeber der Software&#13;
		at java.base/java.lang.ProcessBuilder.start(ProcessBuilder.java:1140)&#13;
		at java.base/java.lang.ProcessBuilder.start(ProcessBuilder.java:1074)&#13;
		at org.openqa.selenium.os.ExternalProcess$Builder.start(ExternalProcess.java:193)&#13;
		... 63 more&#13;
	Caused by: java.io.IOException: CreateProcess error=216, Die Version von %1 ist mit der ausgeführten Windows-Version nicht kompatibel. Überprüfen Sie die Systeminformationen des Computers, und wenden Sie sich anschließend an den Herausgeber der Software&#13;
		at java.base/java.lang.ProcessImpl.create(Native Method)&#13;
		at java.base/java.lang.ProcessImpl.&lt;init&gt;(ProcessImpl.java:500)&#13;
		at java.base/java.lang.ProcessImpl.start(ProcessImpl.java:159)&#13;
		at java.base/java.lang.ProcessBuilder.start(ProcessBuilder.java:1111)&#13;
		... 65 more&#13;
	Suppressed: java.lang.NullPointerException: Cannot invoke "org.openqa.selenium.WebDriver.close()" because "this.driver" is null&#13;
		at de.selenium.pages.tests.TestSpezielleForm1ParameterizedChrome.tearDown(TestSpezielleForm1ParameterizedChrome.java:83)&#13;
		at java.base/jdk.internal.reflect.DirectMethodHandleAccessor.invoke(DirectMethodHandleAccessor.java:104)&#13;
		at java.base/java.lang.reflect.Method.invoke(Method.java:578)&#13;
		at org.junit.runners.model.FrameworkMethod$1.runReflectiveCall(FrameworkMethod.java:59)&#13;
		at org.junit.internal.runners.model.ReflectiveCallable.run(ReflectiveCallable.java:12)&#13;
		at org.junit.runners.model.FrameworkMethod.invokeExplosively(FrameworkMethod.java:56)&#13;
		at org.junit.internal.runners.statements.RunAfters.invokeMethod(RunAfters.java:46)&#13;
		at org.junit.internal.runners.statements.RunAfters.evaluate(RunAfters.java:33)&#13;
		at org.junit.runners.ParentRunner$3.evaluate(ParentRunner.java:306)&#13;
		at org.junit.runners.BlockJUnit4ClassRunner$1.evaluate(BlockJUnit4ClassRunner.java:100)&#13;
		at org.junit.runners.ParentRunner.runLeaf(ParentRunner.java:366)&#13;
		... 38 more&#13;
&#13;
</failure>
      </testcase>
    </testsuite>
    <testsuite name="[Test Form 1 Test 2 FireFox]" time="0.007" uniqueid="[engine:junit-vintage]/[runner:de.selenium.pages.tests.TestSpezielleForm1ParameterizedChrome]/[test:%5BTest Form 1 Test 2 FireFox%5D%5B1%5D]">
      <testcase name="testForm1" classname="de.selenium.pages.tests.TestSpezielleForm1ParameterizedChrome" time="0.007" displayname="testForm1[Test Form 1 Test 2 FireFox]" uniqueid="[engine:junit-vintage]/[runner:de.selenium.pages.tests.TestSpezielleForm1ParameterizedChrome]/[test:%5BTest Form 1 Test 2 FireFox%5D%5B1%5D]/[test:testForm1%5BTest Form 1 Test 2 FireFox%5D(de.selenium.pages.tests.TestSpezielleForm1ParameterizedChrome)]">
        <failure>org.opentest4j.MultipleFailuresError: Multiple Failures (2 failures)&#13;
	org.openqa.selenium.SessionNotCreatedException: Could not start a new session. Possible causes are invalid address of the remote server or browser start-up failure. 
Host info: host: 'DE-ADN-H10DHW3', ip: '192.168.2.198'
Build info: version: '4.28.1', revision: '73f5ad48a2'
System info: os.name: 'Windows 11', os.arch: 'amd64', os.version: '10.0', java.version: '20.0.1'
Driver info: org.openqa.selenium.firefox.FirefoxDriver
Command: [null, newSession {capabilities=[Capabilities {acceptInsecureCerts: true, browserName: firefox, moz:debuggerAddress: true, moz:firefoxOptions: {prefs: {remote.active-protocols: 3}}}]}]&#13;
	java.lang.NullPointerException: Cannot invoke "org.openqa.selenium.WebDriver.close()" because "this.driver" is null&#13;
	at org.junit.vintage.engine.execution.TestRun.getStoredResultOrSuccessful(TestRun.java:200)&#13;
	at org.junit.vintage.engine.execution.RunListenerAdapter.fireExecutionFinished(RunListenerAdapter.java:248)&#13;
	at org.junit.vintage.engine.execution.RunListenerAdapter.testFinished(RunListenerAdapter.java:214)&#13;
	at org.junit.vintage.engine.execution.RunListenerAdapter.testFinished(RunListenerAdapter.java:88)&#13;
	at org.junit.runner.notification.SynchronizedRunListener.testFinished(SynchronizedRunListener.java:87)&#13;
	at org.junit.runner.notification.RunNotifier$9.notifyListener(RunNotifier.java:225)&#13;
	at org.junit.runner.notification.RunNotifier$SafeNotifier.run(RunNotifier.java:72)&#13;
	at org.junit.runner.notification.RunNotifier.fireTestFinished(RunNotifier.java:222)&#13;
	at org.junit.internal.runners.model.EachTestNotifier.fireTestFinished(EachTestNotifier.java:38)&#13;
	at org.junit.runners.ParentRunner.runLeaf(ParentRunner.java:372)&#13;
	at org.junit.runners.BlockJUnit4ClassRunner.runChild(BlockJUnit4ClassRunner.java:103)&#13;
	at org.junit.runners.BlockJUnit4ClassRunner.runChild(BlockJUnit4ClassRunner.java:63)&#13;
	at org.junit.runners.ParentRunner$4.run(ParentRunner.java:331)&#13;
	at org.junit.runners.ParentRunner$1.schedule(ParentRunner.java:79)&#13;
	at org.junit.runners.ParentRunner.runChildren(ParentRunner.java:329)&#13;
	at org.junit.runners.ParentRunner.access$100(ParentRunner.java:66)&#13;
	at org.junit.runners.ParentRunner$2.evaluate(ParentRunner.java:293)&#13;
	at org.junit.runners.ParentRunner.run(ParentRunner.java:413)&#13;
	at org.junit.runners.Suite.runChild(Suite.java:128)&#13;
	at org.junit.runners.Suite.runChild(Suite.java:27)&#13;
	at org.junit.runners.ParentRunner$4.run(ParentRunner.java:331)&#13;
	at org.junit.runners.ParentRunner$1.schedule(ParentRunner.java:79)&#13;
	at org.junit.runners.ParentRunner.runChildren(ParentRunner.java:329)&#13;
	at org.junit.runners.ParentRunner.access$100(ParentRunner.java:66)&#13;
	at org.junit.runners.ParentRunner$2.evaluate(ParentRunner.java:293)&#13;
	at org.junit.runners.ParentRunner$3.evaluate(ParentRunner.java:306)&#13;
	at org.junit.runners.ParentRunner.run(ParentRunner.java:413)&#13;
	at org.junit.runner.JUnitCore.run(JUnitCore.java:137)&#13;
	at org.junit.runner.JUnitCore.run(JUnitCore.java:115)&#13;
	at org.junit.vintage.engine.execution.RunnerExecutor.execute(RunnerExecutor.java:42)&#13;
	at org.junit.vintage.engine.VintageTestEngine.executeAllChildren(VintageTestEngine.java:80)&#13;
	at org.junit.vintage.engine.VintageTestEngine.execute(VintageTestEngine.java:72)&#13;
	at org.junit.platform.launcher.core.EngineExecutionOrchestrator.execute(EngineExecutionOrchestrator.java:147)&#13;
	at org.junit.platform.launcher.core.EngineExecutionOrchestrator.execute(EngineExecutionOrchestrator.java:127)&#13;
	at org.junit.platform.launcher.core.EngineExecutionOrchestrator.execute(EngineExecutionOrchestrator.java:90)&#13;
	at org.junit.platform.launcher.core.EngineExecutionOrchestrator.lambda$execute$0(EngineExecutionOrchestrator.java:55)&#13;
	at org.junit.platform.launcher.core.EngineExecutionOrchestrator.withInterceptedStreams(EngineExecutionOrchestrator.java:102)&#13;
	at org.junit.platform.launcher.core.EngineExecutionOrchestrator.execute(EngineExecutionOrchestrator.java:54)&#13;
	at org.junit.platform.launcher.core.DefaultLauncher.execute(DefaultLauncher.java:114)&#13;
	at org.junit.platform.launcher.core.DefaultLauncher.execute(DefaultLauncher.java:95)&#13;
	at org.junit.platform.launcher.core.DefaultLauncherSession$DelegatingLauncher.execute(DefaultLauncherSession.java:91)&#13;
	at org.junit.platform.launcher.core.SessionPerRequestLauncher.execute(SessionPerRequestLauncher.java:60)&#13;
	at org.eclipse.jdt.internal.junit5.runner.JUnit5TestReference.run(JUnit5TestReference.java:98)&#13;
	at org.eclipse.jdt.internal.junit.runner.TestExecution.run(TestExecution.java:40)&#13;
	at org.eclipse.jdt.internal.junit.runner.RemoteTestRunner.runTests(RemoteTestRunner.java:529)&#13;
	at org.eclipse.jdt.internal.junit.runner.RemoteTestRunner.runTests(RemoteTestRunner.java:756)&#13;
	at org.eclipse.jdt.internal.junit.runner.RemoteTestRunner.run(RemoteTestRunner.java:452)&#13;
	at org.eclipse.jdt.internal.junit.runner.RemoteTestRunner.main(RemoteTestRunner.java:210)&#13;
	Suppressed: org.openqa.selenium.SessionNotCreatedException: Could not start a new session. Possible causes are invalid address of the remote server or browser start-up failure. 
Host info: host: 'DE-ADN-H10DHW3', ip: '192.168.2.198'
Build info: version: '4.28.1', revision: '73f5ad48a2'
System info: os.name: 'Windows 11', os.arch: 'amd64', os.version: '10.0', java.version: '20.0.1'
Driver info: org.openqa.selenium.firefox.FirefoxDriver
Command: [null, newSession {capabilities=[Capabilities {acceptInsecureCerts: true, browserName: firefox, moz:debuggerAddress: true, moz:firefoxOptions: {prefs: {remote.active-protocols: 3}}}]}]&#13;
		at org.openqa.selenium.remote.RemoteWebDriver.execute(RemoteWebDriver.java:563)&#13;
		at org.openqa.selenium.remote.RemoteWebDriver.startSession(RemoteWebDriver.java:245)&#13;
		at org.openqa.selenium.remote.RemoteWebDriver.&lt;init&gt;(RemoteWebDriver.java:174)&#13;
		at org.openqa.selenium.firefox.FirefoxDriver.&lt;init&gt;(FirefoxDriver.java:155)&#13;
		at org.openqa.selenium.firefox.FirefoxDriver.&lt;init&gt;(FirefoxDriver.java:150)&#13;
		at org.openqa.selenium.firefox.FirefoxDriver.&lt;init&gt;(FirefoxDriver.java:132)&#13;
		at org.openqa.selenium.firefox.FirefoxDriver.&lt;init&gt;(FirefoxDriver.java:127)&#13;
		at org.openqa.selenium.firefox.FirefoxDriver.&lt;init&gt;(FirefoxDriver.java:112)&#13;
		at org.openqa.selenium.firefox.FirefoxDriver.&lt;init&gt;(FirefoxDriver.java:102)&#13;
		at de.selenium.konfiguration.AvailableBrowser$1.createDriver(AvailableBrowser.java:15)&#13;
		at de.selenium.konfiguration.DriverHelper.getDriver(DriverHelper.java:17)&#13;
		at de.selenium.pages.tests.TestSpezielleForm1ParameterizedChrome.setUp(TestSpezielleForm1ParameterizedChrome.java:74)&#13;
		at java.base/jdk.internal.reflect.DirectMethodHandleAccessor.invoke(DirectMethodHandleAccessor.java:104)&#13;
		at java.base/java.lang.reflect.Method.invoke(Method.java:578)&#13;
		at org.junit.runners.model.FrameworkMethod$1.runReflectiveCall(FrameworkMethod.java:59)&#13;
		at org.junit.internal.runners.model.ReflectiveCallable.run(ReflectiveCallable.java:12)&#13;
		at org.junit.runners.model.FrameworkMethod.invokeExplosively(FrameworkMethod.java:56)&#13;
		at org.junit.internal.runners.statements.RunBefores.invokeMethod(RunBefores.java:33)&#13;
		at org.junit.internal.runners.statements.RunBefores.evaluate(RunBefores.java:24)&#13;
		at org.junit.internal.runners.statements.RunAfters.evaluate(RunAfters.java:27)&#13;
		at org.junit.runners.ParentRunner$3.evaluate(ParentRunner.java:306)&#13;
		at org.junit.runners.BlockJUnit4ClassRunner$1.evaluate(BlockJUnit4ClassRunner.java:100)&#13;
		at org.junit.runners.ParentRunner.runLeaf(ParentRunner.java:366)&#13;
		... 38 more&#13;
	Caused by: java.io.UncheckedIOException: java.io.IOException: Cannot run program "./drivers/geckodriver.exe": CreateProcess error=216, Die Version von %1 ist mit der ausgeführten Windows-Version nicht kompatibel. Überprüfen Sie die Systeminformationen des Computers, und wenden Sie sich anschließend an den Herausgeber der Software&#13;
		at org.openqa.selenium.os.ExternalProcess$Builder.start(ExternalProcess.java:195)&#13;
		at org.openqa.selenium.remote.service.DriverService.start(DriverService.java:208)&#13;
		at org.openqa.selenium.remote.service.DriverCommandExecutor.execute(DriverCommandExecutor.java:117)&#13;
		at org.openqa.selenium.remote.RemoteWebDriver.execute(RemoteWebDriver.java:545)&#13;
		... 60 more&#13;
	Caused by: java.io.IOException: Cannot run program "./drivers/geckodriver.exe": CreateProcess error=216, Die Version von %1 ist mit der ausgeführten Windows-Version nicht kompatibel. Überprüfen Sie die Systeminformationen des Computers, und wenden Sie sich anschließend an den Herausgeber der Software&#13;
		at java.base/java.lang.ProcessBuilder.start(ProcessBuilder.java:1140)&#13;
		at java.base/java.lang.ProcessBuilder.start(ProcessBuilder.java:1074)&#13;
		at org.openqa.selenium.os.ExternalProcess$Builder.start(ExternalProcess.java:193)&#13;
		... 63 more&#13;
	Caused by: java.io.IOException: CreateProcess error=216, Die Version von %1 ist mit der ausgeführten Windows-Version nicht kompatibel. Überprüfen Sie die Systeminformationen des Computers, und wenden Sie sich anschließend an den Herausgeber der Software&#13;
		at java.base/java.lang.ProcessImpl.create(Native Method)&#13;
		at java.base/java.lang.ProcessImpl.&lt;init&gt;(ProcessImpl.java:500)&#13;
		at java.base/java.lang.ProcessImpl.start(ProcessImpl.java:159)&#13;
		at java.base/java.lang.ProcessBuilder.start(ProcessBuilder.java:1111)&#13;
		... 65 more&#13;
	Suppressed: java.lang.NullPointerException: Cannot invoke "org.openqa.selenium.WebDriver.close()" because "this.driver" is null&#13;
		at de.selenium.pages.tests.TestSpezielleForm1ParameterizedChrome.tearDown(TestSpezielleForm1ParameterizedChrome.java:83)&#13;
		at java.base/jdk.internal.reflect.DirectMethodHandleAccessor.invoke(DirectMethodHandleAccessor.java:104)&#13;
		at java.base/java.lang.reflect.Method.invoke(Method.java:578)&#13;
		at org.junit.runners.model.FrameworkMethod$1.runReflectiveCall(FrameworkMethod.java:59)&#13;
		at org.junit.internal.runners.model.ReflectiveCallable.run(ReflectiveCallable.java:12)&#13;
		at org.junit.runners.model.FrameworkMethod.invokeExplosively(FrameworkMethod.java:56)&#13;
		at org.junit.internal.runners.statements.RunAfters.invokeMethod(RunAfters.java:46)&#13;
		at org.junit.internal.runners.statements.RunAfters.evaluate(RunAfters.java:33)&#13;
		at org.junit.runners.ParentRunner$3.evaluate(ParentRunner.java:306)&#13;
		at org.junit.runners.BlockJUnit4ClassRunner$1.evaluate(BlockJUnit4ClassRunner.java:100)&#13;
		at org.junit.runners.ParentRunner.runLeaf(ParentRunner.java:366)&#13;
		... 38 more&#13;
&#13;
</failure>
      </testcase>
    </testsuite>
    <testsuite name="[Test Form 1 Test 2 IE]" time="303.978" uniqueid="[engine:junit-vintage]/[runner:de.selenium.pages.tests.TestSpezielleForm1ParameterizedChrome]/[test:%5BTest Form 1 Test 2 IE%5D%5B0%5D]">
      <testcase name="testForm1" classname="de.selenium.pages.tests.TestSpezielleForm1ParameterizedChrome" time="303.978" displayname="testForm1[Test Form 1 Test 2 IE]" uniqueid="[engine:junit-vintage]/[runner:de.selenium.pages.tests.TestSpezielleForm1ParameterizedChrome]/[test:%5BTest Form 1 Test 2 IE%5D%5B0%5D]/[test:testForm1%5BTest Form 1 Test 2 IE%5D(de.selenium.pages.tests.TestSpezielleForm1ParameterizedChrome)]">
        <failure>org.opentest4j.MultipleFailuresError: Multiple Failures (2 failures)&#13;
	org.openqa.selenium.TimeoutException: java.net.http.HttpTimeoutException: request timed out
Build info: version: '4.28.1', revision: '73f5ad48a2'
System info: os.name: 'Windows 11', os.arch: 'amd64', os.version: '10.0', java.version: '20.0.1'
Driver info: org.openqa.selenium.ie.InternetExplorerDriver
Command: [357f229d-856f-439d-b031-527f0070a967, get {url=https://seleniumkurs.codingsolo.de}]
Capabilities {acceptInsecureCerts: false, browserName: internet explorer, browserVersion: 11, pageLoadStrategy: normal, platformName: windows, proxy: Proxy(), se:ieOptions: {browserAttachTimeout: 0, elementScrollBehavior: 0, enablePersistentHover: true, ie.browserCommandLineSwitches: , ie.edgechromium: false, ie.edgepath: , ie.ensureCleanSession: false, ie.fileUploadDialogTimeout: 3000, ie.forceCreateProcessApi: false, ie.ignoreprocessmatch: false, ignoreProtectedModeSettings: false, ignoreZoomSetting: true, initialBrowserUrl: http://localhost:24900/, nativeEvents: true, requireWindowFocus: false}, setWindowRect: true, strictFileInteractability: false, timeouts: {implicit: 0, pageLoad: 300000, script: 30000}, unhandledPromptBehavior: dismiss and notify}
Session ID: 357f229d-856f-439d-b031-527f0070a967&#13;
	org.openqa.selenium.remote.UnreachableBrowserException: Error communicating with the remote browser. It may have died.
Build info: version: '4.28.1', revision: '73f5ad48a2'
System info: os.name: 'Windows 11', os.arch: 'amd64', os.version: '10.0', java.version: '20.0.1'
Driver info: org.openqa.selenium.ie.InternetExplorerDriver
Command: [357f229d-856f-439d-b031-527f0070a967, close []]
Capabilities {acceptInsecureCerts: false, browserName: internet explorer, browserVersion: 11, pageLoadStrategy: normal, platformName: windows, proxy: Proxy(), se:ieOptions: {browserAttachTimeout: 0, elementScrollBehavior: 0, enablePersistentHover: true, ie.browserCommandLineSwitches: , ie.edgechromium: false, ie.edgepath: , ie.ensureCleanSession: false, ie.fileUploadDialogTimeout: 3000, ie.forceCreateProcessApi: false, ie.ignoreprocessmatch: false, ignoreProtectedModeSettings: false, ignoreZoomSetting: true, initialBrowserUrl: http://localhost:24900/, nativeEvents: true, requireWindowFocus: false}, setWindowRect: true, strictFileInteractability: false, timeouts: {implicit: 0, pageLoad: 300000, script: 30000}, unhandledPromptBehavior: dismiss and notify}
Session ID: 357f229d-856f-439d-b031-527f0070a967&#13;
	at org.junit.vintage.engine.execution.TestRun.getStoredResultOrSuccessful(TestRun.java:200)&#13;
	at org.junit.vintage.engine.execution.RunListenerAdapter.fireExecutionFinished(RunListenerAdapter.java:248)&#13;
	at org.junit.vintage.engine.execution.RunListenerAdapter.testFinished(RunListenerAdapter.java:214)&#13;
	at org.junit.vintage.engine.execution.RunListenerAdapter.testFinished(RunListenerAdapter.java:88)&#13;
	at org.junit.runner.notification.SynchronizedRunListener.testFinished(SynchronizedRunListener.java:87)&#13;
	at org.junit.runner.notification.RunNotifier$9.notifyListener(RunNotifier.java:225)&#13;
	at org.junit.runner.notification.RunNotifier$SafeNotifier.run(RunNotifier.java:72)&#13;
	at org.junit.runner.notification.RunNotifier.fireTestFinished(RunNotifier.java:222)&#13;
	at org.junit.internal.runners.model.EachTestNotifier.fireTestFinished(EachTestNotifier.java:38)&#13;
	at org.junit.runners.ParentRunner.runLeaf(ParentRunner.java:372)&#13;
	at org.junit.runners.BlockJUnit4ClassRunner.runChild(BlockJUnit4ClassRunner.java:103)&#13;
	at org.junit.runners.BlockJUnit4ClassRunner.runChild(BlockJUnit4ClassRunner.java:63)&#13;
	at org.junit.runners.ParentRunner$4.run(ParentRunner.java:331)&#13;
	at org.junit.runners.ParentRunner$1.schedule(ParentRunner.java:79)&#13;
	at org.junit.runners.ParentRunner.runChildren(ParentRunner.java:329)&#13;
	at org.junit.runners.ParentRunner.access$100(ParentRunner.java:66)&#13;
	at org.junit.runners.ParentRunner$2.evaluate(ParentRunner.java:293)&#13;
	at org.junit.runners.ParentRunner.run(ParentRunner.java:413)&#13;
	at org.junit.runners.Suite.runChild(Suite.java:128)&#13;
	at org.junit.runners.Suite.runChild(Suite.java:27)&#13;
	at org.junit.runners.ParentRunner$4.run(ParentRunner.java:331)&#13;
	at org.junit.runners.ParentRunner$1.schedule(ParentRunner.java:79)&#13;
	at org.junit.runners.ParentRunner.runChildren(ParentRunner.java:329)&#13;
	at org.junit.runners.ParentRunner.access$100(ParentRunner.java:66)&#13;
	at org.junit.runners.ParentRunner$2.evaluate(ParentRunner.java:293)&#13;
	at org.junit.runners.ParentRunner$3.evaluate(ParentRunner.java:306)&#13;
	at org.junit.runners.ParentRunner.run(ParentRunner.java:413)&#13;
	at org.junit.runner.JUnitCore.run(JUnitCore.java:137)&#13;
	at org.junit.runner.JUnitCore.run(JUnitCore.java:115)&#13;
	at org.junit.vintage.engine.execution.RunnerExecutor.execute(RunnerExecutor.java:42)&#13;
	at org.junit.vintage.engine.VintageTestEngine.executeAllChildren(VintageTestEngine.java:80)&#13;
	at org.junit.vintage.engine.VintageTestEngine.execute(VintageTestEngine.java:72)&#13;
	at org.junit.platform.launcher.core.EngineExecutionOrchestrator.execute(EngineExecutionOrchestrator.java:147)&#13;
	at org.junit.platform.launcher.core.EngineExecutionOrchestrator.execute(EngineExecutionOrchestrator.java:127)&#13;
	at org.junit.platform.launcher.core.EngineExecutionOrchestrator.execute(EngineExecutionOrchestrator.java:90)&#13;
	at org.junit.platform.launcher.core.EngineExecutionOrchestrator.lambda$execute$0(EngineExecutionOrchestrator.java:55)&#13;
	at org.junit.platform.launcher.core.EngineExecutionOrchestrator.withInterceptedStreams(EngineExecutionOrchestrator.java:102)&#13;
	at org.junit.platform.launcher.core.EngineExecutionOrchestrator.execute(EngineExecutionOrchestrator.java:54)&#13;
	at org.junit.platform.launcher.core.DefaultLauncher.execute(DefaultLauncher.java:114)&#13;
	at org.junit.platform.launcher.core.DefaultLauncher.execute(DefaultLauncher.java:95)&#13;
	at org.junit.platform.launcher.core.DefaultLauncherSession$DelegatingLauncher.execute(DefaultLauncherSession.java:91)&#13;
	at org.junit.platform.launcher.core.SessionPerRequestLauncher.execute(SessionPerRequestLauncher.java:60)&#13;
	at org.eclipse.jdt.internal.junit5.runner.JUnit5TestReference.run(JUnit5TestReference.java:98)&#13;
	at org.eclipse.jdt.internal.junit.runner.TestExecution.run(TestExecution.java:40)&#13;
	at org.eclipse.jdt.internal.junit.runner.RemoteTestRunner.runTests(RemoteTestRunner.java:529)&#13;
	at org.eclipse.jdt.internal.junit.runner.RemoteTestRunner.runTests(RemoteTestRunner.java:756)&#13;
	at org.eclipse.jdt.internal.junit.runner.RemoteTestRunner.run(RemoteTestRunner.java:452)&#13;
	at org.eclipse.jdt.internal.junit.runner.RemoteTestRunner.main(RemoteTestRunner.java:210)&#13;
	Suppressed: org.openqa.selenium.TimeoutException: java.net.http.HttpTimeoutException: request timed out
Build info: version: '4.28.1', revision: '73f5ad48a2'
System info: os.name: 'Windows 11', os.arch: 'amd64', os.version: '10.0', java.version: '20.0.1'
Driver info: org.openqa.selenium.ie.InternetExplorerDriver
Command: [357f229d-856f-439d-b031-527f0070a967, get {url=https://seleniumkurs.codingsolo.de}]
Capabilities {acceptInsecureCerts: false, browserName: internet explorer, browserVersion: 11, pageLoadStrategy: normal, platformName: windows, proxy: Proxy(), se:ieOptions: {browserAttachTimeout: 0, elementScrollBehavior: 0, enablePersistentHover: true, ie.browserCommandLineSwitches: , ie.edgechromium: false, ie.edgepath: , ie.ensureCleanSession: false, ie.fileUploadDialogTimeout: 3000, ie.forceCreateProcessApi: false, ie.ignoreprocessmatch: false, ignoreProtectedModeSettings: false, ignoreZoomSetting: true, initialBrowserUrl: http://localhost:24900/, nativeEvents: true, requireWindowFocus: false}, setWindowRect: true, strictFileInteractability: false, timeouts: {implicit: 0, pageLoad: 300000, script: 30000}, unhandledPromptBehavior: dismiss and notify}
Session ID: 357f229d-856f-439d-b031-527f0070a967&#13;
		at org.openqa.selenium.remote.http.jdk.JdkHttpClient.execute0(JdkHttpClient.java:495)&#13;
		at org.openqa.selenium.remote.http.AddSeleniumUserAgent.lambda$apply$0(AddSeleniumUserAgent.java:42)&#13;
		at org.openqa.selenium.remote.http.Filter.lambda$andFinally$1(Filter.java:55)&#13;
		at org.openqa.selenium.remote.http.jdk.JdkHttpClient.lambda$executeAsync$1(JdkHttpClient.java:384)&#13;
		at java.base/java.util.concurrent.Executors$RunnableAdapter.call(Executors.java:577)&#13;
		at java.base/java.util.concurrent.FutureTask.run(FutureTask.java:317)&#13;
		at java.base/java.util.concurrent.ThreadPoolExecutor.runWorker(ThreadPoolExecutor.java:1144)&#13;
		at java.base/java.util.concurrent.ThreadPoolExecutor$Worker.run(ThreadPoolExecutor.java:642)&#13;
		at java.base/java.lang.Thread.run(Thread.java:1623)&#13;
	Caused by: java.net.http.HttpTimeoutException: request timed out&#13;
		at java.net.http/jdk.internal.net.http.HttpClientImpl.send(HttpClientImpl.java:894)&#13;
		at java.net.http/jdk.internal.net.http.HttpClientFacade.send(HttpClientFacade.java:133)&#13;
		at org.openqa.selenium.remote.http.jdk.JdkHttpClient.execute0(JdkHttpClient.java:456)&#13;
		... 8 more&#13;
	Suppressed: org.openqa.selenium.remote.UnreachableBrowserException: Error communicating with the remote browser. It may have died.
Build info: version: '4.28.1', revision: '73f5ad48a2'
System info: os.name: 'Windows 11', os.arch: 'amd64', os.version: '10.0', java.version: '20.0.1'
Driver info: org.openqa.selenium.ie.InternetExplorerDriver
Command: [357f229d-856f-439d-b031-527f0070a967, close []]
Capabilities {acceptInsecureCerts: false, browserName: internet explorer, browserVersion: 11, pageLoadStrategy: normal, platformName: windows, proxy: Proxy(), se:ieOptions: {browserAttachTimeout: 0, elementScrollBehavior: 0, enablePersistentHover: true, ie.browserCommandLineSwitches: , ie.edgechromium: false, ie.edgepath: , ie.ensureCleanSession: false, ie.fileUploadDialogTimeout: 3000, ie.forceCreateProcessApi: false, ie.ignoreprocessmatch: false, ignoreProtectedModeSettings: false, ignoreZoomSetting: true, initialBrowserUrl: http://localhost:24900/, nativeEvents: true, requireWindowFocus: false}, setWindowRect: true, strictFileInteractability: false, timeouts: {implicit: 0, pageLoad: 300000, script: 30000}, unhandledPromptBehavior: dismiss and notify}
Session ID: 357f229d-856f-439d-b031-527f0070a967&#13;
		at org.openqa.selenium.remote.RemoteWebDriver.execute(RemoteWebDriver.java:572)&#13;
		at org.openqa.selenium.remote.RemoteWebDriver.execute(RemoteWebDriver.java:618)&#13;
		at org.openqa.selenium.remote.RemoteWebDriver.execute(RemoteWebDriver.java:622)&#13;
		at org.openqa.selenium.remote.RemoteWebDriver.close(RemoteWebDriver.java:418)&#13;
		at de.selenium.pages.tests.TestSpezielleForm1ParameterizedChrome.tearDown(TestSpezielleForm1ParameterizedChrome.java:83)&#13;
		at java.base/jdk.internal.reflect.DirectMethodHandleAccessor.invoke(DirectMethodHandleAccessor.java:104)&#13;
		at java.base/java.lang.reflect.Method.invoke(Method.java:578)&#13;
		at org.junit.runners.model.FrameworkMethod$1.runReflectiveCall(FrameworkMethod.java:59)&#13;
		at org.junit.internal.runners.model.ReflectiveCallable.run(ReflectiveCallable.java:12)&#13;
		at org.junit.runners.model.FrameworkMethod.invokeExplosively(FrameworkMethod.java:56)&#13;
		at org.junit.internal.runners.statements.RunAfters.invokeMethod(RunAfters.java:46)&#13;
		at org.junit.internal.runners.statements.RunAfters.evaluate(RunAfters.java:33)&#13;
		at org.junit.runners.ParentRunner$3.evaluate(ParentRunner.java:306)&#13;
		at org.junit.runners.BlockJUnit4ClassRunner$1.evaluate(BlockJUnit4ClassRunner.java:100)&#13;
		at org.junit.runners.ParentRunner.runLeaf(ParentRunner.java:366)&#13;
		... 38 more&#13;
	Caused by: java.io.UncheckedIOException: java.io.IOException: HTTP/1.1 header parser received no bytes&#13;
		at org.openqa.selenium.remote.http.jdk.JdkHttpClient.execute0(JdkHttpClient.java:497)&#13;
		at org.openqa.selenium.remote.http.AddSeleniumUserAgent.lambda$apply$0(AddSeleniumUserAgent.java:42)&#13;
		at org.openqa.selenium.remote.http.Filter.lambda$andFinally$1(Filter.java:55)&#13;
		at org.openqa.selenium.remote.http.jdk.JdkHttpClient.lambda$executeAsync$1(JdkHttpClient.java:384)&#13;
		at java.base/java.util.concurrent.Executors$RunnableAdapter.call(Executors.java:577)&#13;
		at java.base/java.util.concurrent.FutureTask.run(FutureTask.java:317)&#13;
		at java.base/java.util.concurrent.ThreadPoolExecutor.runWorker(ThreadPoolExecutor.java:1144)&#13;
		at java.base/java.util.concurrent.ThreadPoolExecutor$Worker.run(ThreadPoolExecutor.java:642)&#13;
		at java.base/java.lang.Thread.run(Thread.java:1623)&#13;
	Caused by: java.io.IOException: HTTP/1.1 header parser received no bytes&#13;
		at java.net.http/jdk.internal.net.http.HttpClientImpl.send(HttpClientImpl.java:909)&#13;
		at java.net.http/jdk.internal.net.http.HttpClientFacade.send(HttpClientFacade.java:133)&#13;
		at org.openqa.selenium.remote.http.jdk.JdkHttpClient.execute0(JdkHttpClient.java:456)&#13;
		... 8 more&#13;
	Caused by: java.io.IOException: HTTP/1.1 header parser received no bytes&#13;
		at java.net.http/jdk.internal.net.http.common.Utils.wrapWithExtraDetail(Utils.java:348)&#13;
		at java.net.http/jdk.internal.net.http.Http1Response$HeadersReader.onReadError(Http1Response.java:574)&#13;
		at java.net.http/jdk.internal.net.http.Http1AsyncReceiver.checkForErrors(Http1AsyncReceiver.java:302)&#13;
		at java.net.http/jdk.internal.net.http.Http1AsyncReceiver.flush(Http1AsyncReceiver.java:268)&#13;
		at java.net.http/jdk.internal.net.http.common.SequentialScheduler$LockingRestartableTask.run(SequentialScheduler.java:205)&#13;
		at java.net.http/jdk.internal.net.http.common.SequentialScheduler$CompleteRestartableTask.run(SequentialScheduler.java:149)&#13;
		at java.net.http/jdk.internal.net.http.common.SequentialScheduler$SchedulableTask.run(SequentialScheduler.java:230)&#13;
		... 3 more&#13;
	Caused by: java.net.SocketException: Connection reset&#13;
		at java.base/sun.nio.ch.SocketChannelImpl.throwConnectionReset(SocketChannelImpl.java:401)&#13;
		at java.base/sun.nio.ch.SocketChannelImpl.read(SocketChannelImpl.java:434)&#13;
		at java.net.http/jdk.internal.net.http.SocketTube.readAvailable(SocketTube.java:1178)&#13;
		at java.net.http/jdk.internal.net.http.SocketTube$InternalReadPublisher$InternalReadSubscription.read(SocketTube.java:841)&#13;
		at java.net.http/jdk.internal.net.http.SocketTube$SocketFlowTask.run(SocketTube.java:181)&#13;
		at java.net.http/jdk.internal.net.http.common.SequentialScheduler$SchedulableTask.run(SequentialScheduler.java:230)&#13;
		at java.net.http/jdk.internal.net.http.common.SequentialScheduler.runOrSchedule(SequentialScheduler.java:303)&#13;
		at java.net.http/jdk.internal.net.http.common.SequentialScheduler.runOrSchedule(SequentialScheduler.java:256)&#13;
		at java.net.http/jdk.internal.net.http.SocketTube$InternalReadPublisher$InternalReadSubscription.signalReadable(SocketTube.java:782)&#13;
		at java.net.http/jdk.internal.net.http.SocketTube$InternalReadPublisher$ReadEvent.signalEvent(SocketTube.java:965)&#13;
		at java.net.http/jdk.internal.net.http.SocketTube$SocketFlowEvent.handle(SocketTube.java:253)&#13;
		at java.net.http/jdk.internal.net.http.HttpClientImpl$SelectorManager.handleEvent(HttpClientImpl.java:1390)&#13;
		at java.net.http/jdk.internal.net.http.HttpClientImpl$SelectorManager.lambda$run$3(HttpClientImpl.java:1335)&#13;
		at java.base/java.util.ArrayList.forEach(ArrayList.java:1511)&#13;
		at java.net.http/jdk.internal.net.http.HttpClientImpl$SelectorManager.run(HttpClientImpl.java:1335)&#13;
&#13;
</failure>
      </testcase>
    </testsuite>
    <testsuite name="[Test Form 1 Test 2 IE]" time="303.79" uniqueid="[engine:junit-vintage]/[runner:de.selenium.pages.tests.TestSpezielleForm1ParameterizedChrome]/[test:%5BTest Form 1 Test 2 IE%5D%5B1%5D]">
      <testcase name="testForm1" classname="de.selenium.pages.tests.TestSpezielleForm1ParameterizedChrome" time="303.79" displayname="testForm1[Test Form 1 Test 2 IE]" uniqueid="[engine:junit-vintage]/[runner:de.selenium.pages.tests.TestSpezielleForm1ParameterizedChrome]/[test:%5BTest Form 1 Test 2 IE%5D%5B1%5D]/[test:testForm1%5BTest Form 1 Test 2 IE%5D(de.selenium.pages.tests.TestSpezielleForm1ParameterizedChrome)]">
        <failure>org.opentest4j.MultipleFailuresError: Multiple Failures (2 failures)&#13;
	org.openqa.selenium.TimeoutException: java.util.concurrent.TimeoutException
Build info: version: '4.28.1', revision: '73f5ad48a2'
System info: os.name: 'Windows 11', os.arch: 'amd64', os.version: '10.0', java.version: '20.0.1'
Driver info: org.openqa.selenium.ie.InternetExplorerDriver
Command: [00df400e-0cce-4775-992e-79ebe575995d, get {url=https://seleniumkurs.codingsolo.de}]
Capabilities {acceptInsecureCerts: false, browserName: internet explorer, browserVersion: 11, pageLoadStrategy: normal, platformName: windows, proxy: Proxy(), se:ieOptions: {browserAttachTimeout: 0, elementScrollBehavior: 0, enablePersistentHover: true, ie.browserCommandLineSwitches: , ie.edgechromium: false, ie.edgepath: , ie.ensureCleanSession: false, ie.fileUploadDialogTimeout: 3000, ie.forceCreateProcessApi: false, ie.ignoreprocessmatch: false, ignoreProtectedModeSettings: false, ignoreZoomSetting: true, initialBrowserUrl: http://localhost:48768/, nativeEvents: true, requireWindowFocus: false}, setWindowRect: true, strictFileInteractability: false, timeouts: {implicit: 0, pageLoad: 300000, script: 30000}, unhandledPromptBehavior: dismiss and notify}
Session ID: 00df400e-0cce-4775-992e-79ebe575995d&#13;
	org.openqa.selenium.remote.UnreachableBrowserException: Error communicating with the remote browser. It may have died.
Build info: version: '4.28.1', revision: '73f5ad48a2'
System info: os.name: 'Windows 11', os.arch: 'amd64', os.version: '10.0', java.version: '20.0.1'
Driver info: org.openqa.selenium.ie.InternetExplorerDriver
Command: [00df400e-0cce-4775-992e-79ebe575995d, close []]
Capabilities {acceptInsecureCerts: false, browserName: internet explorer, browserVersion: 11, pageLoadStrategy: normal, platformName: windows, proxy: Proxy(), se:ieOptions: {browserAttachTimeout: 0, elementScrollBehavior: 0, enablePersistentHover: true, ie.browserCommandLineSwitches: , ie.edgechromium: false, ie.edgepath: , ie.ensureCleanSession: false, ie.fileUploadDialogTimeout: 3000, ie.forceCreateProcessApi: false, ie.ignoreprocessmatch: false, ignoreProtectedModeSettings: false, ignoreZoomSetting: true, initialBrowserUrl: http://localhost:48768/, nativeEvents: true, requireWindowFocus: false}, setWindowRect: true, strictFileInteractability: false, timeouts: {implicit: 0, pageLoad: 300000, script: 30000}, unhandledPromptBehavior: dismiss and notify}
Session ID: 00df400e-0cce-4775-992e-79ebe575995d&#13;
	at org.junit.vintage.engine.execution.TestRun.getStoredResultOrSuccessful(TestRun.java:200)&#13;
	at org.junit.vintage.engine.execution.RunListenerAdapter.fireExecutionFinished(RunListenerAdapter.java:248)&#13;
	at org.junit.vintage.engine.execution.RunListenerAdapter.testFinished(RunListenerAdapter.java:214)&#13;
	at org.junit.vintage.engine.execution.RunListenerAdapter.testFinished(RunListenerAdapter.java:88)&#13;
	at org.junit.runner.notification.SynchronizedRunListener.testFinished(SynchronizedRunListener.java:87)&#13;
	at org.junit.runner.notification.RunNotifier$9.notifyListener(RunNotifier.java:225)&#13;
	at org.junit.runner.notification.RunNotifier$SafeNotifier.run(RunNotifier.java:72)&#13;
	at org.junit.runner.notification.RunNotifier.fireTestFinished(RunNotifier.java:222)&#13;
	at org.junit.internal.runners.model.EachTestNotifier.fireTestFinished(EachTestNotifier.java:38)&#13;
	at org.junit.runners.ParentRunner.runLeaf(ParentRunner.java:372)&#13;
	at org.junit.runners.BlockJUnit4ClassRunner.runChild(BlockJUnit4ClassRunner.java:103)&#13;
	at org.junit.runners.BlockJUnit4ClassRunner.runChild(BlockJUnit4ClassRunner.java:63)&#13;
	at org.junit.runners.ParentRunner$4.run(ParentRunner.java:331)&#13;
	at org.junit.runners.ParentRunner$1.schedule(ParentRunner.java:79)&#13;
	at org.junit.runners.ParentRunner.runChildren(ParentRunner.java:329)&#13;
	at org.junit.runners.ParentRunner.access$100(ParentRunner.java:66)&#13;
	at org.junit.runners.ParentRunner$2.evaluate(ParentRunner.java:293)&#13;
	at org.junit.runners.ParentRunner.run(ParentRunner.java:413)&#13;
	at org.junit.runners.Suite.runChild(Suite.java:128)&#13;
	at org.junit.runners.Suite.runChild(Suite.java:27)&#13;
	at org.junit.runners.ParentRunner$4.run(ParentRunner.java:331)&#13;
	at org.junit.runners.ParentRunner$1.schedule(ParentRunner.java:79)&#13;
	at org.junit.runners.ParentRunner.runChildren(ParentRunner.java:329)&#13;
	at org.junit.runners.ParentRunner.access$100(ParentRunner.java:66)&#13;
	at org.junit.runners.ParentRunner$2.evaluate(ParentRunner.java:293)&#13;
	at org.junit.runners.ParentRunner$3.evaluate(ParentRunner.java:306)&#13;
	at org.junit.runners.ParentRunner.run(ParentRunner.java:413)&#13;
	at org.junit.runner.JUnitCore.run(JUnitCore.java:137)&#13;
	at org.junit.runner.JUnitCore.run(JUnitCore.java:115)&#13;
	at org.junit.vintage.engine.execution.RunnerExecutor.execute(RunnerExecutor.java:42)&#13;
	at org.junit.vintage.engine.VintageTestEngine.executeAllChildren(VintageTestEngine.java:80)&#13;
	at org.junit.vintage.engine.VintageTestEngine.execute(VintageTestEngine.java:72)&#13;
	at org.junit.platform.launcher.core.EngineExecutionOrchestrator.execute(EngineExecutionOrchestrator.java:147)&#13;
	at org.junit.platform.launcher.core.EngineExecutionOrchestrator.execute(EngineExecutionOrchestrator.java:127)&#13;
	at org.junit.platform.launcher.core.EngineExecutionOrchestrator.execute(EngineExecutionOrchestrator.java:90)&#13;
	at org.junit.platform.launcher.core.EngineExecutionOrchestrator.lambda$execute$0(EngineExecutionOrchestrator.java:55)&#13;
	at org.junit.platform.launcher.core.EngineExecutionOrchestrator.withInterceptedStreams(EngineExecutionOrchestrator.java:102)&#13;
	at org.junit.platform.launcher.core.EngineExecutionOrchestrator.execute(EngineExecutionOrchestrator.java:54)&#13;
	at org.junit.platform.launcher.core.DefaultLauncher.execute(DefaultLauncher.java:114)&#13;
	at org.junit.platform.launcher.core.DefaultLauncher.execute(DefaultLauncher.java:95)&#13;
	at org.junit.platform.launcher.core.DefaultLauncherSession$DelegatingLauncher.execute(DefaultLauncherSession.java:91)&#13;
	at org.junit.platform.launcher.core.SessionPerRequestLauncher.execute(SessionPerRequestLauncher.java:60)&#13;
	at org.eclipse.jdt.internal.junit5.runner.JUnit5TestReference.run(JUnit5TestReference.java:98)&#13;
	at org.eclipse.jdt.internal.junit.runner.TestExecution.run(TestExecution.java:40)&#13;
	at org.eclipse.jdt.internal.junit.runner.RemoteTestRunner.runTests(RemoteTestRunner.java:529)&#13;
	at org.eclipse.jdt.internal.junit.runner.RemoteTestRunner.runTests(RemoteTestRunner.java:756)&#13;
	at org.eclipse.jdt.internal.junit.runner.RemoteTestRunner.run(RemoteTestRunner.java:452)&#13;
	at org.eclipse.jdt.internal.junit.runner.RemoteTestRunner.main(RemoteTestRunner.java:210)&#13;
	Suppressed: org.openqa.selenium.TimeoutException: java.util.concurrent.TimeoutException
Build info: version: '4.28.1', revision: '73f5ad48a2'
System info: os.name: 'Windows 11', os.arch: 'amd64', os.version: '10.0', java.version: '20.0.1'
Driver info: org.openqa.selenium.ie.InternetExplorerDriver
Command: [00df400e-0cce-4775-992e-79ebe575995d, get {url=https://seleniumkurs.codingsolo.de}]
Capabilities {acceptInsecureCerts: false, browserName: internet explorer, browserVersion: 11, pageLoadStrategy: normal, platformName: windows, proxy: Proxy(), se:ieOptions: {browserAttachTimeout: 0, elementScrollBehavior: 0, enablePersistentHover: true, ie.browserCommandLineSwitches: , ie.edgechromium: false, ie.edgepath: , ie.ensureCleanSession: false, ie.fileUploadDialogTimeout: 3000, ie.forceCreateProcessApi: false, ie.ignoreprocessmatch: false, ignoreProtectedModeSettings: false, ignoreZoomSetting: true, initialBrowserUrl: http://localhost:48768/, nativeEvents: true, requireWindowFocus: false}, setWindowRect: true, strictFileInteractability: false, timeouts: {implicit: 0, pageLoad: 300000, script: 30000}, unhandledPromptBehavior: dismiss and notify}
Session ID: 00df400e-0cce-4775-992e-79ebe575995d&#13;
		at org.openqa.selenium.remote.http.jdk.JdkHttpClient.execute(JdkHttpClient.java:424)&#13;
		at org.openqa.selenium.remote.HttpCommandExecutor.execute(HttpCommandExecutor.java:212)&#13;
		at org.openqa.selenium.remote.service.DriverCommandExecutor.invokeExecute(DriverCommandExecutor.java:216)&#13;
		at org.openqa.selenium.remote.service.DriverCommandExecutor.execute(DriverCommandExecutor.java:174)&#13;
		at org.openqa.selenium.remote.RemoteWebDriver.execute(RemoteWebDriver.java:545)&#13;
		at org.openqa.selenium.remote.RemoteWebDriver.get(RemoteWebDriver.java:313)&#13;
		at de.selenium.pages.tests.TestSpezielleForm1ParameterizedChrome.setUp(TestSpezielleForm1ParameterizedChrome.java:77)&#13;
		at java.base/jdk.internal.reflect.DirectMethodHandleAccessor.invoke(DirectMethodHandleAccessor.java:104)&#13;
		at java.base/java.lang.reflect.Method.invoke(Method.java:578)&#13;
		at org.junit.runners.model.FrameworkMethod$1.runReflectiveCall(FrameworkMethod.java:59)&#13;
		at org.junit.internal.runners.model.ReflectiveCallable.run(ReflectiveCallable.java:12)&#13;
		at org.junit.runners.model.FrameworkMethod.invokeExplosively(FrameworkMethod.java:56)&#13;
		at org.junit.internal.runners.statements.RunBefores.invokeMethod(RunBefores.java:33)&#13;
		at org.junit.internal.runners.statements.RunBefores.evaluate(RunBefores.java:24)&#13;
		at org.junit.internal.runners.statements.RunAfters.evaluate(RunAfters.java:27)&#13;
		at org.junit.runners.ParentRunner$3.evaluate(ParentRunner.java:306)&#13;
		at org.junit.runners.BlockJUnit4ClassRunner$1.evaluate(BlockJUnit4ClassRunner.java:100)&#13;
		at org.junit.runners.ParentRunner.runLeaf(ParentRunner.java:366)&#13;
		... 38 more&#13;
	Caused by: java.util.concurrent.TimeoutException&#13;
		at java.base/java.util.concurrent.CompletableFuture$Timeout.run(CompletableFuture.java:2920)&#13;
		at java.base/java.util.concurrent.Executors$RunnableAdapter.call(Executors.java:577)&#13;
		at java.base/java.util.concurrent.FutureTask.run(FutureTask.java:317)&#13;
		at java.base/java.util.concurrent.ScheduledThreadPoolExecutor$ScheduledFutureTask.run(ScheduledThreadPoolExecutor.java:304)&#13;
		at java.base/java.util.concurrent.ThreadPoolExecutor.runWorker(ThreadPoolExecutor.java:1144)&#13;
		at java.base/java.util.concurrent.ThreadPoolExecutor$Worker.run(ThreadPoolExecutor.java:642)&#13;
		at java.base/java.lang.Thread.run(Thread.java:1623)&#13;
	Suppressed: org.openqa.selenium.remote.UnreachableBrowserException: Error communicating with the remote browser. It may have died.
Build info: version: '4.28.1', revision: '73f5ad48a2'
System info: os.name: 'Windows 11', os.arch: 'amd64', os.version: '10.0', java.version: '20.0.1'
Driver info: org.openqa.selenium.ie.InternetExplorerDriver
Command: [00df400e-0cce-4775-992e-79ebe575995d, close []]
Capabilities {acceptInsecureCerts: false, browserName: internet explorer, browserVersion: 11, pageLoadStrategy: normal, platformName: windows, proxy: Proxy(), se:ieOptions: {browserAttachTimeout: 0, elementScrollBehavior: 0, enablePersistentHover: true, ie.browserCommandLineSwitches: , ie.edgechromium: false, ie.edgepath: , ie.ensureCleanSession: false, ie.fileUploadDialogTimeout: 3000, ie.forceCreateProcessApi: false, ie.ignoreprocessmatch: false, ignoreProtectedModeSettings: false, ignoreZoomSetting: true, initialBrowserUrl: http://localhost:48768/, nativeEvents: true, requireWindowFocus: false}, setWindowRect: true, strictFileInteractability: false, timeouts: {implicit: 0, pageLoad: 300000, script: 30000}, unhandledPromptBehavior: dismiss and notify}
Session ID: 00df400e-0cce-4775-992e-79ebe575995d&#13;
		at org.openqa.selenium.remote.RemoteWebDriver.execute(RemoteWebDriver.java:572)&#13;
		at org.openqa.selenium.remote.RemoteWebDriver.execute(RemoteWebDriver.java:618)&#13;
		at org.openqa.selenium.remote.RemoteWebDriver.execute(RemoteWebDriver.java:622)&#13;
		at org.openqa.selenium.remote.RemoteWebDriver.close(RemoteWebDriver.java:418)&#13;
		at de.selenium.pages.tests.TestSpezielleForm1ParameterizedChrome.tearDown(TestSpezielleForm1ParameterizedChrome.java:83)&#13;
		at java.base/jdk.internal.reflect.DirectMethodHandleAccessor.invoke(DirectMethodHandleAccessor.java:104)&#13;
		at java.base/java.lang.reflect.Method.invoke(Method.java:578)&#13;
		at org.junit.runners.model.FrameworkMethod$1.runReflectiveCall(FrameworkMethod.java:59)&#13;
		at org.junit.internal.runners.model.ReflectiveCallable.run(ReflectiveCallable.java:12)&#13;
		at org.junit.runners.model.FrameworkMethod.invokeExplosively(FrameworkMethod.java:56)&#13;
		at org.junit.internal.runners.statements.RunAfters.invokeMethod(RunAfters.java:46)&#13;
		at org.junit.internal.runners.statements.RunAfters.evaluate(RunAfters.java:33)&#13;
		at org.junit.runners.ParentRunner$3.evaluate(ParentRunner.java:306)&#13;
		at org.junit.runners.BlockJUnit4ClassRunner$1.evaluate(BlockJUnit4ClassRunner.java:100)&#13;
		at org.junit.runners.ParentRunner.runLeaf(ParentRunner.java:366)&#13;
		... 38 more&#13;
	Caused by: java.io.UncheckedIOException: java.io.IOException: HTTP/1.1 header parser received no bytes&#13;
		at org.openqa.selenium.remote.http.jdk.JdkHttpClient.execute0(JdkHttpClient.java:497)&#13;
		at org.openqa.selenium.remote.http.AddSeleniumUserAgent.lambda$apply$0(AddSeleniumUserAgent.java:42)&#13;
		at org.openqa.selenium.remote.http.Filter.lambda$andFinally$1(Filter.java:55)&#13;
		at org.openqa.selenium.remote.http.jdk.JdkHttpClient.lambda$executeAsync$1(JdkHttpClient.java:384)&#13;
		at java.base/java.util.concurrent.Executors$RunnableAdapter.call(Executors.java:577)&#13;
		at java.base/java.util.concurrent.FutureTask.run(FutureTask.java:317)&#13;
		at java.base/java.util.concurrent.ThreadPoolExecutor.runWorker(ThreadPoolExecutor.java:1144)&#13;
		at java.base/java.util.concurrent.ThreadPoolExecutor$Worker.run(ThreadPoolExecutor.java:642)&#13;
		at java.base/java.lang.Thread.run(Thread.java:1623)&#13;
	Caused by: java.io.IOException: HTTP/1.1 header parser received no bytes&#13;
		at java.net.http/jdk.internal.net.http.HttpClientImpl.send(HttpClientImpl.java:909)&#13;
		at java.net.http/jdk.internal.net.http.HttpClientFacade.send(HttpClientFacade.java:133)&#13;
		at org.openqa.selenium.remote.http.jdk.JdkHttpClient.execute0(JdkHttpClient.java:456)&#13;
		... 8 more&#13;
	Caused by: java.io.IOException: HTTP/1.1 header parser received no bytes&#13;
		at java.net.http/jdk.internal.net.http.common.Utils.wrapWithExtraDetail(Utils.java:348)&#13;
		at java.net.http/jdk.internal.net.http.Http1Response$HeadersReader.onReadError(Http1Response.java:574)&#13;
		at java.net.http/jdk.internal.net.http.Http1AsyncReceiver.checkForErrors(Http1AsyncReceiver.java:302)&#13;
		at java.net.http/jdk.internal.net.http.Http1AsyncReceiver.flush(Http1AsyncReceiver.java:268)&#13;
		at java.net.http/jdk.internal.net.http.common.SequentialScheduler$LockingRestartableTask.run(SequentialScheduler.java:205)&#13;
		at java.net.http/jdk.internal.net.http.common.SequentialScheduler$CompleteRestartableTask.run(SequentialScheduler.java:149)&#13;
		at java.net.http/jdk.internal.net.http.common.SequentialScheduler$SchedulableTask.run(SequentialScheduler.java:230)&#13;
		... 3 more&#13;
	Caused by: java.net.SocketException: Connection reset&#13;
		at java.base/sun.nio.ch.SocketChannelImpl.throwConnectionReset(SocketChannelImpl.java:401)&#13;
		at java.base/sun.nio.ch.SocketChannelImpl.read(SocketChannelImpl.java:434)&#13;
		at java.net.http/jdk.internal.net.http.SocketTube.readAvailable(SocketTube.java:1178)&#13;
		at java.net.http/jdk.internal.net.http.SocketTube$InternalReadPublisher$InternalReadSubscription.read(SocketTube.java:841)&#13;
		at java.net.http/jdk.internal.net.http.SocketTube$SocketFlowTask.run(SocketTube.java:181)&#13;
		at java.net.http/jdk.internal.net.http.common.SequentialScheduler$SchedulableTask.run(SequentialScheduler.java:230)&#13;
		at java.net.http/jdk.internal.net.http.common.SequentialScheduler.runOrSchedule(SequentialScheduler.java:303)&#13;
		at java.net.http/jdk.internal.net.http.common.SequentialScheduler.runOrSchedule(SequentialScheduler.java:256)&#13;
		at java.net.http/jdk.internal.net.http.SocketTube$InternalReadPublisher$InternalReadSubscription.signalReadable(SocketTube.java:782)&#13;
		at java.net.http/jdk.internal.net.http.SocketTube$InternalReadPublisher$ReadEvent.signalEvent(SocketTube.java:965)&#13;
		at java.net.http/jdk.internal.net.http.SocketTube$SocketFlowEvent.handle(SocketTube.java:253)&#13;
		at java.net.http/jdk.internal.net.http.HttpClientImpl$SelectorManager.handleEvent(HttpClientImpl.java:1390)&#13;
		at java.net.http/jdk.internal.net.http.HttpClientImpl$SelectorManager.lambda$run$3(HttpClientImpl.java:1335)&#13;
		at java.base/java.util.ArrayList.forEach(ArrayList.java:1511)&#13;
		at java.net.http/jdk.internal.net.http.HttpClientImpl$SelectorManager.run(HttpClientImpl.java:1335)&#13;
&#13;
</failure>
      </testcase>
    </testsuite>
  </testsuite>
</testrun>
