<?xml version="1.0" encoding="UTF-8"?><testrun name="TestForm1ParameterizedSeleniumKursChrome" project="de.selenium.projekt1" tests="1" started="1" failures="0" errors="1" ignored="0">
  <testsuite name="de.selenium.pages.tests.TestForm1ParameterizedSeleniumKursChrome" time="0.001">
    <testcase name="initializationError" classname="de.selenium.pages.tests.TestForm1ParameterizedSeleniumKursChrome" time="0.001">
      <error>java.lang.IllegalArgumentException: Test class can only have one constructor&#13;
	at org.junit.runners.model.TestClass.&lt;init&gt;(TestClass.java:48)&#13;
	at org.junit.runners.Parameterized$RunnersFactory.&lt;init&gt;(Parameterized.java:370)&#13;
	at org.junit.runners.Parameterized$RunnersFactory.&lt;init&gt;(Parameterized.java:360)&#13;
	at org.junit.runners.Parameterized.&lt;init&gt;(Parameterized.java:303)&#13;
	at java.base/jdk.internal.reflect.DirectConstructorHandleAccessor.newInstance(DirectConstructorHandleAccessor.java:67)&#13;
	at java.base/java.lang.reflect.Constructor.newInstanceWithCaller(Constructor.java:500)&#13;
	at java.base/java.lang.reflect.Constructor.newInstance(Constructor.java:484)&#13;
	at org.junit.internal.builders.AnnotatedBuilder.buildRunner(AnnotatedBuilder.java:104)&#13;
	at org.junit.internal.builders.AnnotatedBuilder.runnerForClass(AnnotatedBuilder.java:86)&#13;
	at org.junit.runners.model.RunnerBuilder.safeRunnerForClass(RunnerBuilder.java:70)&#13;
	at org.junit.internal.builders.AllDefaultPossibilitiesBuilder.runnerForClass(AllDefaultPossibilitiesBuilder.java:37)&#13;
	at org.junit.runners.model.RunnerBuilder.safeRunnerForClass(RunnerBuilder.java:70)&#13;
	at org.junit.internal.requests.ClassRequest.createRunner(ClassRequest.java:28)&#13;
	at org.junit.internal.requests.MemoizingRequest.getRunner(MemoizingRequest.java:19)&#13;
	at org.eclipse.jdt.internal.junit4.runner.JUnit4TestLoader.createUnfilteredTest(JUnit4TestLoader.java:90)&#13;
	at org.eclipse.jdt.internal.junit4.runner.JUnit4TestLoader.createTest(JUnit4TestLoader.java:76)&#13;
	at org.eclipse.jdt.internal.junit4.runner.JUnit4TestLoader.loadTests(JUnit4TestLoader.java:49)&#13;
	at org.eclipse.jdt.internal.junit.runner.RemoteTestRunner.runTests(RemoteTestRunner.java:513)&#13;
	at org.eclipse.jdt.internal.junit.runner.RemoteTestRunner.runTests(RemoteTestRunner.java:756)&#13;
	at org.eclipse.jdt.internal.junit.runner.RemoteTestRunner.run(RemoteTestRunner.java:452)&#13;
	at org.eclipse.jdt.internal.junit.runner.RemoteTestRunner.main(RemoteTestRunner.java:210)&#13;
&#13;
</error>
    </testcase>
  </testsuite>
</testrun>
