<?xml version="1.0" encoding="UTF-8"?><testrun name="Rerun de.selenium.pages.tests.TestForm1ParameterizedSeleniumKursChrome.initializationError" project="de.selenium.projekt1" tests="1" started="1" failures="0" errors="1" ignored="0">
  <testcase name="initializationError" classname="de.selenium.pages.tests.TestForm1ParameterizedSeleniumKursChrome" time="0.0">
    <error>java.lang.NullPointerException: Cannot invoke "java.util.Collection.addAll(java.util.Collection)" because "collection" is null&#13;
	at de.selenium.pages.tests.TestForm1ParameterizedSeleniumKursChrome.provideTestData1(TestForm1ParameterizedSeleniumKursChrome.java:127)&#13;
	at java.base/jdk.internal.reflect.DirectMethodHandleAccessor.invoke(DirectMethodHandleAccessor.java:104)&#13;
	at java.base/java.lang.reflect.Method.invoke(Method.java:578)&#13;
	at org.junit.runners.model.FrameworkMethod$1.runReflectiveCall(FrameworkMethod.java:59)&#13;
	at org.junit.internal.runners.model.ReflectiveCallable.run(ReflectiveCallable.java:12)&#13;
	at org.junit.runners.model.FrameworkMethod.invokeExplosively(FrameworkMethod.java:56)&#13;
	at org.junit.runners.Parameterized$RunnersFactory.allParameters(Parameterized.java:424)&#13;
	at org.junit.runners.Parameterized$RunnersFactory.&lt;init&gt;(Parameterized.java:375)&#13;
	at org.junit.runners.Parameterized$RunnersFactory.&lt;init&gt;(Parameterized.java:360)&#13;
	at org.junit.runners.Parameterized.&lt;init&gt;(Parameterized.java:303)&#13;
	at java.base/jdk.internal.reflect.DirectConstructorHandleAccessor.newInstance(DirectConstructorHandleAccessor.java:67)&#13;
	at java.base/java.lang.reflect.Constructor.newInstanceWithCaller(Constructor.java:500)&#13;
	at java.base/java.lang.reflect.Constructor.newInstance(Constructor.java:484)&#13;
	at org.junit.internal.builders.AnnotatedBuilder.buildRunner(AnnotatedBuilder.java:104)&#13;
	at org.junit.internal.builders.AnnotatedBuilder.runnerForClass(AnnotatedBuilder.java:86)&#13;
	at org.junit.runners.model.RunnerBuilder.safeRunnerForClass(RunnerBuilder.java:70)&#13;
	at org.junit.internal.builders.AllDefaultPossibilitiesBuilder.runnerForClass(AllDefaultPossibilitiesBuilder.java:37)&#13;
	at org.junit.runners.model.RunnerBuilder.safeRunnerForClass(RunnerBuilder.java:70)&#13;
	at org.junit.internal.requests.ClassRequest.createRunner(ClassRequest.java:28)&#13;
	at org.junit.internal.requests.MemoizingRequest.getRunner(MemoizingRequest.java:19)&#13;
	at org.junit.internal.requests.FilterRequest.getRunner(FilterRequest.java:36)&#13;
	at org.eclipse.jdt.internal.junit4.runner.JUnit4TestLoader.createFilteredTest(JUnit4TestLoader.java:83)&#13;
	at org.eclipse.jdt.internal.junit4.runner.JUnit4TestLoader.createTest(JUnit4TestLoader.java:74)&#13;
	at org.eclipse.jdt.internal.junit4.runner.JUnit4TestLoader.loadTests(JUnit4TestLoader.java:49)&#13;
	at org.eclipse.jdt.internal.junit.runner.RemoteTestRunner.runTests(RemoteTestRunner.java:513)&#13;
	at org.eclipse.jdt.internal.junit.runner.RemoteTestRunner.runTests(RemoteTestRunner.java:756)&#13;
	at org.eclipse.jdt.internal.junit.runner.RemoteTestRunner.run(RemoteTestRunner.java:452)&#13;
	at org.eclipse.jdt.internal.junit.runner.RemoteTestRunner.main(RemoteTestRunner.java:210)&#13;
&#13;
</error>
  </testcase>
</testrun>
