<?xml version="1.0" encoding="UTF-8"?><testrun name="TestWebElementRadioButtonsSeleniumKursFireFox" project="SeleniumProjekt2" tests="1" started="1" failures="0" errors="1" ignored="0">
  <testsuite name="de.codingsolo.seleniumkurs.test.TestWebElementRadioButtonsSeleniumKursFireFox" time="0.873">
    <testcase name="testRadioButton" classname="de.codingsolo.seleniumkurs.test.TestWebElementRadioButtonsSeleniumKursFireFox" time="0.873">
      <error>org.openqa.selenium.WebDriverException: unknown error: cannot find Chrome binary
Build info: version: '3.141.59', revision: 'e82be7d358', time: '2018-11-14T08:17:03'
System info: host: 'DE-ADN-H10DHW3', ip: '192.168.2.198', os.name: 'Windows 11', os.arch: 'amd64', os.version: '10.0', java.version: '20.0.1'
Driver info: driver.version: ChromeDriver
remote stacktrace: Backtrace:
	Ordinal0 [0x00479563+2725219]
	Ordinal0 [0x00378551+1672529]
	Ordinal0 [0x00260359+525145]
	Ordinal0 [0x001ECA64+51812]
	Ordinal0 [0x0020CC37+183351]
	Ordinal0 [0x0020CA3D+182845]
	Ordinal0 [0x0020A94B+174411]
	Ordinal0 [0x001F2528+75048]
	Ordinal0 [0x001F35A0+79264]
	Ordinal0 [0x001F3539+79161]
	Ordinal0 [0x0038D607+1758727]
	GetHandleVerifier [0x00596546+1050150]
	GetHandleVerifier [0x00596291+1049457]
	GetHandleVerifier [0x005A10D7+1094071]
	GetHandleVerifier [0x00596B46+1051686]
	Ordinal0 [0x00385B06+1727238]
	Ordinal0 [0x0038EB7B+1764219]
	Ordinal0 [0x0038ECE3+1764579]
	Ordinal0 [0x003A4C05+1854469]
	BaseThreadInitThunk [0x76D77BA9+25]
	RtlInitializeExceptionChain [0x7747C0CB+107]
	RtlClearBits [0x7747C04F+191]
&#13;
	at java.base/jdk.internal.reflect.DirectConstructorHandleAccessor.newInstance(DirectConstructorHandleAccessor.java:67)&#13;
	at java.base/java.lang.reflect.Constructor.newInstanceWithCaller(Constructor.java:500)&#13;
	at java.base/java.lang.reflect.Constructor.newInstance(Constructor.java:484)&#13;
	at org.openqa.selenium.remote.W3CHandshakeResponse.lambda$errorHandler$0(W3CHandshakeResponse.java:62)&#13;
	at org.openqa.selenium.remote.HandshakeResponse.lambda$getResponseFunction$0(HandshakeResponse.java:30)&#13;
	at org.openqa.selenium.remote.ProtocolHandshake.lambda$createSession$0(ProtocolHandshake.java:126)&#13;
	at java.base/java.util.stream.ReferencePipeline$3$1.accept(ReferencePipeline.java:197)&#13;
	at java.base/java.util.Spliterators$ArraySpliterator.tryAdvance(Spliterators.java:1016)&#13;
	at java.base/java.util.stream.ReferencePipeline.forEachWithCancel(ReferencePipeline.java:129)&#13;
	at java.base/java.util.stream.AbstractPipeline.copyIntoWithCancel(AbstractPipeline.java:527)&#13;
	at java.base/java.util.stream.AbstractPipeline.copyInto(AbstractPipeline.java:513)&#13;
	at java.base/java.util.stream.AbstractPipeline.wrapAndCopyInto(AbstractPipeline.java:499)&#13;
	at java.base/java.util.stream.FindOps$FindOp.evaluateSequential(FindOps.java:150)&#13;
	at java.base/java.util.stream.AbstractPipeline.evaluate(AbstractPipeline.java:234)&#13;
	at java.base/java.util.stream.ReferencePipeline.findFirst(ReferencePipeline.java:647)&#13;
	at org.openqa.selenium.remote.ProtocolHandshake.createSession(ProtocolHandshake.java:128)&#13;
	at org.openqa.selenium.remote.ProtocolHandshake.createSession(ProtocolHandshake.java:74)&#13;
	at org.openqa.selenium.remote.HttpCommandExecutor.execute(HttpCommandExecutor.java:136)&#13;
	at org.openqa.selenium.remote.service.DriverCommandExecutor.execute(DriverCommandExecutor.java:83)&#13;
	at org.openqa.selenium.remote.RemoteWebDriver.execute(RemoteWebDriver.java:552)&#13;
	at org.openqa.selenium.remote.RemoteWebDriver.startSession(RemoteWebDriver.java:213)&#13;
	at org.openqa.selenium.remote.RemoteWebDriver.&lt;init&gt;(RemoteWebDriver.java:131)&#13;
	at org.openqa.selenium.chrome.ChromeDriver.&lt;init&gt;(ChromeDriver.java:181)&#13;
	at org.openqa.selenium.chrome.ChromeDriver.&lt;init&gt;(ChromeDriver.java:168)&#13;
	at org.openqa.selenium.chrome.ChromeDriver.&lt;init&gt;(ChromeDriver.java:123)&#13;
	at de.codingsolo.seleniumkurs.test.TestWebElementRadioButtonsSeleniumKursFireFox.setUp(TestWebElementRadioButtonsSeleniumKursFireFox.java:26)&#13;
	at java.base/jdk.internal.reflect.DirectMethodHandleAccessor.invoke(DirectMethodHandleAccessor.java:104)&#13;
	at java.base/java.lang.reflect.Method.invoke(Method.java:578)&#13;
	at org.junit.runners.model.FrameworkMethod$1.runReflectiveCall(FrameworkMethod.java:59)&#13;
	at org.junit.internal.runners.model.ReflectiveCallable.run(ReflectiveCallable.java:12)&#13;
	at org.junit.runners.model.FrameworkMethod.invokeExplosively(FrameworkMethod.java:56)&#13;
	at org.junit.internal.runners.statements.RunBefores.invokeMethod(RunBefores.java:33)&#13;
	at org.junit.internal.runners.statements.RunBefores.evaluate(RunBefores.java:24)&#13;
	at org.junit.internal.runners.statements.RunAfters.evaluate(RunAfters.java:27)&#13;
	at org.junit.runners.ParentRunner$3.evaluate(ParentRunner.java:306)&#13;
	at org.junit.runners.BlockJUnit4ClassRunner$1.evaluate(BlockJUnit4ClassRunner.java:100)&#13;
	at org.junit.runners.ParentRunner.runLeaf(ParentRunner.java:366)&#13;
	at org.junit.runners.BlockJUnit4ClassRunner.runChild(BlockJUnit4ClassRunner.java:103)&#13;
	at org.junit.runners.BlockJUnit4ClassRunner.runChild(BlockJUnit4ClassRunner.java:63)&#13;
	at org.junit.runners.ParentRunner$4.run(ParentRunner.java:331)&#13;
	at org.junit.runners.ParentRunner$1.schedule(ParentRunner.java:79)&#13;
	at org.junit.runners.ParentRunner.runChildren(ParentRunner.java:329)&#13;
	at org.junit.runners.ParentRunner.access$100(ParentRunner.java:66)&#13;
	at org.junit.runners.ParentRunner$2.evaluate(ParentRunner.java:293)&#13;
	at org.junit.runners.ParentRunner$3.evaluate(ParentRunner.java:306)&#13;
	at org.junit.runners.ParentRunner.run(ParentRunner.java:413)&#13;
	at org.eclipse.jdt.internal.junit4.runner.JUnit4TestReference.run(JUnit4TestReference.java:93)&#13;
	at org.eclipse.jdt.internal.junit.runner.TestExecution.run(TestExecution.java:40)&#13;
	at org.eclipse.jdt.internal.junit.runner.RemoteTestRunner.runTests(RemoteTestRunner.java:529)&#13;
	at org.eclipse.jdt.internal.junit.runner.RemoteTestRunner.runTests(RemoteTestRunner.java:756)&#13;
	at org.eclipse.jdt.internal.junit.runner.RemoteTestRunner.run(RemoteTestRunner.java:452)&#13;
	at org.eclipse.jdt.internal.junit.runner.RemoteTestRunner.main(RemoteTestRunner.java:210)&#13;
&#13;
</error>
    </testcase>
  </testsuite>
</testrun>
